#
# There is insufficient memory for the Java Runtime Environment to continue.
# Native memory allocation (mmap) failed to map 173015040 bytes for G1 virtual space
# Possible reasons:
#   The system is out of physical RAM or swap space
#   The process is running with CompressedOops enabled, and the Java Heap may be blocking the growth of the native heap
# Possible solutions:
#   Reduce memory load on the system
#   Increase physical memory or swap space
#   Check if swap backing store is full
#   Decrease Java heap size (-Xmx/-Xms)
#   Decrease number of Java threads
#   Decrease Java thread stack sizes (-Xss)
#   Set larger code cache with -XX:ReservedCodeCacheSize=
#   JVM is running with Unscaled Compressed Oops mode in which the Java heap is
#     placed in the first 4GB address space. The Java Heap base address is the
#     maximum limit for the native heap growth. Please use -XX:HeapBaseMinAddress
#     to set the Java Heap base and to place the Java Heap above 4GB virtual address.
# This output file may be truncated or incomplete.
#
#  Out of Memory Error (./open/src/hotspot/os/windows/os_windows.cpp:3472), pid=6212, tid=6496
#
# JRE version: Java(TM) SE Runtime Environment (15.0+36) (build 15+36-1562)
# Java VM: Java HotSpot(TM) 64-Bit Server VM (15+36-1562, mixed mode, sharing, tiered, compressed oops, g1 gc, windows-amd64)
# No core dump will be written. Minidumps are not enabled by default on client versions of Windows
#

---------------  S U M M A R Y ------------

Command Line: -Dfile.encoding=Cp1252 BusMain

Host: Intel(R) Core(TM) i3-7020U CPU @ 2.30GHz, 4 cores, 7G,  Windows 10 , 64 bit Build 18362 (10.0.18362.1500)
Time: Tue Apr  5 14:03:13 2022 GMT Summer Time elapsed time: 3.624349 seconds (0d 0h 0m 3s)

---------------  T H R E A D  ---------------

Current thread (0x000002005ed5a710):  VMThread "VM Thread" [stack: 0x0000003fc5900000,0x0000003fc5a00000] [id=6496]

Stack: [0x0000003fc5900000,0x0000003fc5a00000]
[error occurred during error reporting (printing stack bounds), id 0xc0000005, EXCEPTION_ACCESS_VIOLATION (0xc0000005) at pc=0x0000020048e410ad]

Native frames: (J=compiled Java code, j=interpreted, Vv=VM code, C=native code)
V  [jvm.dll+0x629eaa]
V  [jvm.dll+0x780379]
V  [jvm.dll+0x781ad3]
V  [jvm.dll+0x782095]
V  [jvm.dll+0x78204b]
V  [jvm.dll+0x629379]
V  [jvm.dll+0x629b48]
C  [ntdll.dll+0xa1fff]
C  [ntdll.dll+0x6aad9]
C  [ntdll.dll+0xa0c6e]
C  0x0000020048e410ad

VM_Operation (0x0000003fc53fec80): G1CollectForAllocation, mode: safepoint, requested by thread 0x0000020040c200b0


---------------  P R O C E S S  ---------------

Threads class SMR info:
_java_thread_list=0x000002005fa02e80, length=11, elements={
0x0000020040c200b0, 0x000002005ed5cea0, 0x000002005ed5d980, 0x000002005ed787e0,
0x000002005ed7b0b0, 0x000002005ed7b970, 0x000002005ed8b220, 0x000002005ed8bb20,
0x000002005ed90c20, 0x000002005f7b2840, 0x000002005f7be030
}

Java Threads: ( => current thread )
  0x0000020040c200b0 JavaThread "main" [_thread_blocked, id=16264, stack(0x0000003fc5300000,0x0000003fc5400000)]
  0x000002005ed5cea0 JavaThread "Reference Handler" daemon [_thread_blocked, id=15988, stack(0x0000003fc5a00000,0x0000003fc5b00000)]
  0x000002005ed5d980 JavaThread "Finalizer" daemon [_thread_blocked, id=13192, stack(0x0000003fc5b00000,0x0000003fc5c00000)]
  0x000002005ed787e0 JavaThread "Signal Dispatcher" daemon [_thread_blocked, id=12928, stack(0x0000003fc5c00000,0x0000003fc5d00000)]
  0x000002005ed7b0b0 JavaThread "Attach Listener" daemon [_thread_blocked, id=2668, stack(0x0000003fc5d00000,0x0000003fc5e00000)]
  0x000002005ed7b970 JavaThread "Service Thread" daemon [_thread_blocked, id=19932, stack(0x0000003fc5e00000,0x0000003fc5f00000)]
  0x000002005ed8b220 JavaThread "C2 CompilerThread0" daemon [_thread_blocked, id=6272, stack(0x0000003fc5f00000,0x0000003fc6000000)]
  0x000002005ed8bb20 JavaThread "C1 CompilerThread0" daemon [_thread_blocked, id=15916, stack(0x0000003fc6000000,0x0000003fc6100000)]
  0x000002005ed90c20 JavaThread "Sweeper thread" daemon [_thread_blocked, id=3472, stack(0x0000003fc6100000,0x0000003fc6200000)]
  0x000002005f7b2840 JavaThread "Notification Thread" daemon [_thread_blocked, id=2980, stack(0x0000003fc6200000,0x0000003fc6300000)]
  0x000002005f7be030 JavaThread "Common-Cleaner" daemon [_thread_blocked, id=18504, stack(0x0000003fc6400000,0x0000003fc6500000)]

Other Threads:
=>0x000002005ed5a710 VMThread "VM Thread" [stack: 0x0000003fc5900000,0x0000003fc5a00000] [id=6496]
  0x000002005f7b3d20 WatcherThread [stack: 0x0000003fc6300000,0x0000003fc6400000] [id=19812]
  0x0000020040c5dcb0 GCTaskThread "GC Thread#0" [stack: 0x0000003fc5400000,0x0000003fc5500000] [id=13092]
  0x000002005f9bda50 GCTaskThread "GC Thread#1" [stack: 0x0000003fc6600000,0x0000003fc6700000] [id=20632]
  0x000002005f9be0b0 GCTaskThread "GC Thread#2" [stack: 0x0000003fc6700000,0x0000003fc6800000] [id=13152]
  0x000002005f9bf3d0 GCTaskThread "GC Thread#3" [stack: 0x0000003fc6a00000,0x0000003fc6b00000] [id=7876]
  0x0000020040c70380 ConcurrentGCThread "G1 Main Marker" [stack: 0x0000003fc5500000,0x0000003fc5600000] [id=18800]
  0x0000020040c70f00 ConcurrentGCThread "G1 Conc#0" [stack: 0x0000003fc5600000,0x0000003fc5700000] [id=21592]
  0x0000020040cde3e0 ConcurrentGCThread "G1 Refine#0" [stack: 0x0000003fc5700000,0x0000003fc5800000] [id=11460]
  0x000002005fcd76d0 ConcurrentGCThread "G1 Refine#1" [stack: 0x0000003fc6800000,0x0000003fc6900000] [id=3376]
  0x000002005fce7ad0 ConcurrentGCThread "G1 Refine#2" [stack: 0x0000003fc6900000,0x0000003fc6a00000] [id=22444]
  0x000002005ebd20a0 ConcurrentGCThread "G1 Young RemSet Sampling" [stack: 0x0000003fc5800000,0x0000003fc5900000] [id=20844]

Threads with active compile tasks:

VM state: at safepoint (normal execution)

VM Mutex/Monitor currently owned by a thread:  ([mutex/lock_event])
[0x0000020040c1bbf0] Threads_lock - owner thread: 0x000002005ed5a710
[0x0000020040c1bad0] Heap_lock - owner thread: 0x0000020040c200b0

Heap address: 0x0000000081600000, size: 2026 MB, Compressed Oops mode: 32-bit
CDS archive(s) mapped at: [0x0000000800000000-0x0000000800b50000-0x0000000800b50000), size 11862016, SharedBaseAddress: 0x0000000800000000, ArchiveRelocationMode: 0.
Compressed class space mapped at: 0x0000000800b50000-0x0000000840b50000, size: 1073741824
Narrow klass base: 0x0000000800000000, Narrow klass shift: 3, Narrow klass range: 0x100000000

GC Precious Log:
 CPUs: 4 total, 4 available
 Memory: 8103M
 Large Page Support: Disabled
 NUMA Support: Disabled
 Compressed Oops: Enabled (32-bit)
 Heap Region Size: 1M
 Heap Min Capacity: 8M
 Heap Initial Capacity: 128M
 Heap Max Capacity: 2026M
 Pre-touch: Disabled
 Parallel Workers: 4
 Concurrent Workers: 1
 Concurrent Refinement Workers: 4
 Periodic GC: Disabled

Heap:
 garbage-first heap   total 363520K, used 126976K [0x0000000081600000, 0x0000000100000000)
  region size 1024K, 6 young (6144K), 6 survivors (6144K)
 Metaspace       used 718K, capacity 4517K, committed 4864K, reserved 1056768K
  class space    used 56K, capacity 391K, committed 512K, reserved 1048576K

Heap Regions: E=young(eden), S=young(survivor), O=old, HS=humongous(starts), HC=humongous(continues), CS=collection set, F=free, OA=open archive, CA=closed archive, TAMS=top-at-mark-start (previous, next)
|   0|0x0000000081600000, 0x0000000081700000, 0x0000000081700000|100%| O|  |TAMS 0x0000000081600000, 0x0000000081700000| Untracked 
|   1|0x0000000081700000, 0x0000000081800000, 0x0000000081800000|100%| O|  |TAMS 0x0000000081700000, 0x0000000081800000| Untracked 
|   2|0x0000000081800000, 0x0000000081900000, 0x0000000081900000|100%| O|  |TAMS 0x0000000081800000, 0x0000000081900000| Untracked 
|   3|0x0000000081900000, 0x0000000081a00000, 0x0000000081a00000|100%| O|  |TAMS 0x0000000081900000, 0x0000000081a00000| Untracked 
|   4|0x0000000081a00000, 0x0000000081b00000, 0x0000000081b00000|100%| O|  |TAMS 0x0000000081a00000, 0x0000000081b00000| Untracked 
|   5|0x0000000081b00000, 0x0000000081c00000, 0x0000000081c00000|100%| O|  |TAMS 0x0000000081b00000, 0x0000000081c00000| Untracked 
|   6|0x0000000081c00000, 0x0000000081d00000, 0x0000000081d00000|100%| O|  |TAMS 0x0000000081c00000, 0x0000000081d00000| Untracked 
|   7|0x0000000081d00000, 0x0000000081e00000, 0x0000000081e00000|100%| O|  |TAMS 0x0000000081d00000, 0x0000000081e00000| Untracked 
|   8|0x0000000081e00000, 0x0000000081f00000, 0x0000000081f00000|100%| O|  |TAMS 0x0000000081e00000, 0x0000000081f00000| Untracked 
|   9|0x0000000081f00000, 0x0000000082000000, 0x0000000082000000|100%| O|  |TAMS 0x0000000081f00000, 0x0000000082000000| Untracked 
|  10|0x0000000082000000, 0x0000000082100000, 0x0000000082100000|100%| O|  |TAMS 0x0000000082000000, 0x0000000082100000| Untracked 
|  11|0x0000000082100000, 0x0000000082200000, 0x0000000082200000|100%| O|  |TAMS 0x0000000082100000, 0x0000000082200000| Untracked 
|  12|0x0000000082200000, 0x0000000082300000, 0x0000000082300000|100%| O|  |TAMS 0x0000000082200000, 0x0000000082300000| Untracked 
|  13|0x0000000082300000, 0x0000000082400000, 0x0000000082400000|100%| O|  |TAMS 0x0000000082300000, 0x0000000082400000| Untracked 
|  14|0x0000000082400000, 0x0000000082500000, 0x0000000082500000|100%| O|  |TAMS 0x0000000082400000, 0x0000000082500000| Untracked 
|  15|0x0000000082500000, 0x0000000082600000, 0x0000000082600000|100%| O|  |TAMS 0x0000000082500000, 0x0000000082600000| Untracked 
|  16|0x0000000082600000, 0x0000000082700000, 0x0000000082700000|100%|HS|  |TAMS 0x0000000082600000, 0x0000000082700000| Complete 
|  17|0x0000000082700000, 0x0000000082800000, 0x0000000082800000|100%|HS|  |TAMS 0x0000000082700000, 0x0000000082800000| Complete 
|  18|0x0000000082800000, 0x0000000082900000, 0x0000000082900000|100%| O|  |TAMS 0x0000000082800000, 0x0000000082900000| Untracked 
|  19|0x0000000082900000, 0x0000000082a00000, 0x0000000082a00000|100%| O|  |TAMS 0x0000000082900000, 0x0000000082a00000| Untracked 
|  20|0x0000000082a00000, 0x0000000082b00000, 0x0000000082b00000|100%| O|  |TAMS 0x0000000082a00000, 0x0000000082b00000| Untracked 
|  21|0x0000000082b00000, 0x0000000082c00000, 0x0000000082c00000|100%| O|  |TAMS 0x0000000082b00000, 0x0000000082c00000| Untracked 
|  22|0x0000000082c00000, 0x0000000082d00000, 0x0000000082d00000|100%| O|  |TAMS 0x0000000082c00000, 0x0000000082d00000| Untracked 
|  23|0x0000000082d00000, 0x0000000082e00000, 0x0000000082e00000|100%| O|  |TAMS 0x0000000082d00000, 0x0000000082e00000| Untracked 
|  24|0x0000000082e00000, 0x0000000082f00000, 0x0000000082f00000|100%| O|  |TAMS 0x0000000082e00000, 0x0000000082f00000| Untracked 
|  25|0x0000000082f00000, 0x0000000083000000, 0x0000000083000000|100%| O|  |TAMS 0x0000000082f00000, 0x0000000083000000| Untracked 
|  26|0x0000000083000000, 0x0000000083100000, 0x0000000083100000|100%| O|  |TAMS 0x0000000083000000, 0x0000000083100000| Untracked 
|  27|0x0000000083100000, 0x0000000083200000, 0x0000000083200000|100%| O|  |TAMS 0x0000000083100000, 0x0000000083200000| Untracked 
|  28|0x0000000083200000, 0x0000000083300000, 0x0000000083300000|100%| O|  |TAMS 0x0000000083200000, 0x0000000083300000| Untracked 
|  29|0x0000000083300000, 0x0000000083400000, 0x0000000083400000|100%| O|  |TAMS 0x0000000083300000, 0x0000000083400000| Untracked 
|  30|0x0000000083400000, 0x0000000083500000, 0x0000000083500000|100%| O|  |TAMS 0x0000000083400000, 0x0000000083500000| Untracked 
|  31|0x0000000083500000, 0x0000000083600000, 0x0000000083600000|100%| O|  |TAMS 0x0000000083500000, 0x0000000083600000| Untracked 
|  32|0x0000000083600000, 0x0000000083700000, 0x0000000083700000|100%| O|  |TAMS 0x0000000083600000, 0x0000000083700000| Untracked 
|  33|0x0000000083700000, 0x0000000083800000, 0x0000000083800000|100%| O|  |TAMS 0x0000000083700000, 0x0000000083800000| Untracked 
|  34|0x0000000083800000, 0x0000000083900000, 0x0000000083900000|100%| O|  |TAMS 0x0000000083800000, 0x0000000083900000| Untracked 
|  35|0x0000000083900000, 0x0000000083a00000, 0x0000000083a00000|100%| O|  |TAMS 0x0000000083900000, 0x0000000083a00000| Untracked 
|  36|0x0000000083a00000, 0x0000000083b00000, 0x0000000083b00000|100%| O|  |TAMS 0x0000000083a00000, 0x0000000083b00000| Untracked 
|  37|0x0000000083b00000, 0x0000000083c00000, 0x0000000083c00000|100%| O|  |TAMS 0x0000000083b00000, 0x0000000083c00000| Untracked 
|  38|0x0000000083c00000, 0x0000000083d00000, 0x0000000083d00000|100%| O|  |TAMS 0x0000000083c00000, 0x0000000083d00000| Untracked 
|  39|0x0000000083d00000, 0x0000000083e00000, 0x0000000083e00000|100%| O|  |TAMS 0x0000000083d00000, 0x0000000083e00000| Untracked 
|  40|0x0000000083e00000, 0x0000000083f00000, 0x0000000083f00000|100%| O|  |TAMS 0x0000000083e00000, 0x0000000083f00000| Untracked 
|  41|0x0000000083f00000, 0x0000000084000000, 0x0000000084000000|100%|HS|  |TAMS 0x0000000083f00000, 0x0000000084000000| Complete 
|  42|0x0000000084000000, 0x0000000084100000, 0x0000000084100000|100%|HC|  |TAMS 0x0000000084000000, 0x0000000084100000| Complete 
|  43|0x0000000084100000, 0x0000000084200000, 0x0000000084200000|100%| O|  |TAMS 0x0000000084100000, 0x0000000084200000| Untracked 
|  44|0x0000000084200000, 0x0000000084300000, 0x0000000084300000|100%| O|  |TAMS 0x0000000084200000, 0x0000000084300000| Untracked 
|  45|0x0000000084300000, 0x0000000084400000, 0x0000000084400000|100%| O|  |TAMS 0x0000000084300000, 0x0000000084400000| Untracked 
|  46|0x0000000084400000, 0x0000000084500000, 0x0000000084500000|100%| O|  |TAMS 0x0000000084400000, 0x0000000084500000| Untracked 
|  47|0x0000000084500000, 0x0000000084600000, 0x0000000084600000|100%| O|  |TAMS 0x0000000084500000, 0x0000000084600000| Untracked 
|  48|0x0000000084600000, 0x0000000084700000, 0x0000000084700000|100%| O|  |TAMS 0x0000000084600000, 0x0000000084700000| Untracked 
|  49|0x0000000084700000, 0x0000000084800000, 0x0000000084800000|100%| O|  |TAMS 0x0000000084700000, 0x0000000084800000| Untracked 
|  50|0x0000000084800000, 0x0000000084900000, 0x0000000084900000|100%| O|  |TAMS 0x0000000084800000, 0x0000000084900000| Untracked 
|  51|0x0000000084900000, 0x0000000084a00000, 0x0000000084a00000|100%| O|  |TAMS 0x0000000084900000, 0x0000000084a00000| Untracked 
|  52|0x0000000084a00000, 0x0000000084b00000, 0x0000000084b00000|100%| O|  |TAMS 0x0000000084a00000, 0x0000000084b00000| Untracked 
|  53|0x0000000084b00000, 0x0000000084c00000, 0x0000000084c00000|100%| O|  |TAMS 0x0000000084b00000, 0x0000000084c00000| Untracked 
|  54|0x0000000084c00000, 0x0000000084d00000, 0x0000000084d00000|100%|HS|  |TAMS 0x0000000084c00000, 0x0000000084d00000| Complete 
|  55|0x0000000084d00000, 0x0000000084e00000, 0x0000000084e00000|100%|HC|  |TAMS 0x0000000084d00000, 0x0000000084e00000| Complete 
|  56|0x0000000084e00000, 0x0000000084f00000, 0x0000000084f00000|100%|HC|  |TAMS 0x0000000084e00000, 0x0000000084f00000| Complete 
|  57|0x0000000084f00000, 0x0000000085000000, 0x0000000085000000|100%| O|  |TAMS 0x0000000084f00000, 0x0000000085000000| Untracked 
|  58|0x0000000085000000, 0x0000000085100000, 0x0000000085100000|100%| O|  |TAMS 0x0000000085000000, 0x0000000085100000| Untracked 
|  59|0x0000000085100000, 0x0000000085200000, 0x0000000085200000|100%| O|  |TAMS 0x0000000085100000, 0x0000000085200000| Untracked 
|  60|0x0000000085200000, 0x0000000085300000, 0x0000000085300000|100%| O|  |TAMS 0x0000000085200000, 0x0000000085300000| Untracked 
|  61|0x0000000085300000, 0x0000000085400000, 0x0000000085400000|100%| O|  |TAMS 0x0000000085300000, 0x0000000085400000| Untracked 
|  62|0x0000000085400000, 0x0000000085500000, 0x0000000085500000|100%| O|  |TAMS 0x0000000085400000, 0x0000000085500000| Untracked 
|  63|0x0000000085500000, 0x0000000085600000, 0x0000000085600000|100%| O|  |TAMS 0x0000000085500000, 0x0000000085600000| Untracked 
|  64|0x0000000085600000, 0x0000000085700000, 0x0000000085700000|100%| O|  |TAMS 0x0000000085600000, 0x0000000085700000| Untracked 
|  65|0x0000000085700000, 0x0000000085800000, 0x0000000085800000|100%| O|  |TAMS 0x0000000085700000, 0x0000000085800000| Untracked 
|  66|0x0000000085800000, 0x0000000085900000, 0x0000000085900000|100%| O|  |TAMS 0x0000000085800000, 0x0000000085900000| Untracked 
|  67|0x0000000085900000, 0x0000000085a00000, 0x0000000085a00000|100%| O|  |TAMS 0x0000000085900000, 0x0000000085a00000| Untracked 
|  68|0x0000000085a00000, 0x0000000085b00000, 0x0000000085b00000|100%| O|  |TAMS 0x0000000085a00000, 0x0000000085b00000| Untracked 
|  69|0x0000000085b00000, 0x0000000085c00000, 0x0000000085c00000|100%| O|  |TAMS 0x0000000085b00000, 0x0000000085c00000| Untracked 
|  70|0x0000000085c00000, 0x0000000085d00000, 0x0000000085d00000|100%| O|  |TAMS 0x0000000085c00000, 0x0000000085d00000| Untracked 
|  71|0x0000000085d00000, 0x0000000085e00000, 0x0000000085e00000|100%| O|  |TAMS 0x0000000085d00000, 0x0000000085e00000| Untracked 
|  72|0x0000000085e00000, 0x0000000085f00000, 0x0000000085f00000|100%| O|  |TAMS 0x0000000085e00000, 0x0000000085f00000| Untracked 
|  73|0x0000000085f00000, 0x0000000086000000, 0x0000000086000000|100%| O|  |TAMS 0x0000000085f00000, 0x0000000086000000| Untracked 
|  74|0x0000000086000000, 0x0000000086100000, 0x0000000086100000|100%| O|  |TAMS 0x0000000086000000, 0x0000000086100000| Untracked 
|  75|0x0000000086100000, 0x0000000086200000, 0x0000000086200000|100%| O|  |TAMS 0x0000000086100000, 0x0000000086200000| Untracked 
|  76|0x0000000086200000, 0x0000000086300000, 0x0000000086300000|100%| O|  |TAMS 0x0000000086200000, 0x0000000086300000| Untracked 
|  77|0x0000000086300000, 0x0000000086400000, 0x0000000086400000|100%| O|  |TAMS 0x0000000086300000, 0x0000000086400000| Untracked 
|  78|0x0000000086400000, 0x0000000086500000, 0x0000000086500000|100%| O|  |TAMS 0x0000000086400000, 0x0000000086500000| Untracked 
|  79|0x0000000086500000, 0x0000000086600000, 0x0000000086600000|100%| O|  |TAMS 0x0000000086500000, 0x0000000086600000| Untracked 
|  80|0x0000000086600000, 0x0000000086700000, 0x0000000086700000|100%| O|  |TAMS 0x0000000086600000, 0x0000000086700000| Untracked 
|  81|0x0000000086700000, 0x0000000086800000, 0x0000000086800000|100%| O|  |TAMS 0x0000000086700000, 0x0000000086800000| Untracked 
|  82|0x0000000086800000, 0x0000000086900000, 0x0000000086900000|100%| O|  |TAMS 0x0000000086800000, 0x0000000086900000| Untracked 
|  83|0x0000000086900000, 0x0000000086a00000, 0x0000000086a00000|100%| O|  |TAMS 0x0000000086900000, 0x0000000086a00000| Untracked 
|  84|0x0000000086a00000, 0x0000000086b00000, 0x0000000086b00000|100%| O|  |TAMS 0x0000000086a00000, 0x0000000086b00000| Untracked 
|  85|0x0000000086b00000, 0x0000000086c00000, 0x0000000086c00000|100%| O|  |TAMS 0x0000000086b00000, 0x0000000086c00000| Untracked 
|  86|0x0000000086c00000, 0x0000000086d00000, 0x0000000086d00000|100%| O|  |TAMS 0x0000000086c00000, 0x0000000086d00000| Untracked 
|  87|0x0000000086d00000, 0x0000000086e00000, 0x0000000086e00000|100%| O|  |TAMS 0x0000000086d00000, 0x0000000086d80000| Untracked 
|  88|0x0000000086e00000, 0x0000000086f00000, 0x0000000086f00000|100%| O|  |TAMS 0x0000000086e00000, 0x0000000086e00000| Untracked 
|  89|0x0000000086f00000, 0x0000000087000000, 0x0000000087000000|100%| O|  |TAMS 0x0000000086f00000, 0x0000000086f00000| Untracked 
|  90|0x0000000087000000, 0x0000000087100000, 0x0000000087100000|100%| O|  |TAMS 0x0000000087000000, 0x0000000087000000| Untracked 
|  91|0x0000000087100000, 0x0000000087200000, 0x0000000087200000|100%| O|  |TAMS 0x0000000087100000, 0x0000000087100000| Untracked 
|  92|0x0000000087200000, 0x0000000087300000, 0x0000000087300000|100%| O|  |TAMS 0x0000000087200000, 0x0000000087200000| Untracked 
|  93|0x0000000087300000, 0x0000000087400000, 0x0000000087400000|100%| O|  |TAMS 0x0000000087300000, 0x0000000087300000| Untracked 
|  94|0x0000000087400000, 0x0000000087500000, 0x0000000087500000|100%| O|  |TAMS 0x0000000087400000, 0x0000000087400000| Untracked 
|  95|0x0000000087500000, 0x0000000087600000, 0x0000000087600000|100%| O|  |TAMS 0x0000000087500000, 0x0000000087500000| Untracked 
|  96|0x0000000087600000, 0x0000000087700000, 0x0000000087700000|100%| O|  |TAMS 0x0000000087600000, 0x0000000087600000| Untracked 
|  97|0x0000000087700000, 0x0000000087800000, 0x0000000087800000|100%| O|  |TAMS 0x0000000087700000, 0x0000000087700000| Untracked 
|  98|0x0000000087800000, 0x0000000087900000, 0x0000000087900000|100%| O|  |TAMS 0x0000000087800000, 0x0000000087800000| Untracked 
|  99|0x0000000087900000, 0x0000000087a00000, 0x0000000087a00000|100%| O|  |TAMS 0x0000000087900000, 0x0000000087900000| Untracked 
| 100|0x0000000087a00000, 0x0000000087b00000, 0x0000000087b00000|100%| O|  |TAMS 0x0000000087a00000, 0x0000000087a00000| Untracked 
| 101|0x0000000087b00000, 0x0000000087c00000, 0x0000000087c00000|100%| O|  |TAMS 0x0000000087b00000, 0x0000000087b00000| Untracked 
| 102|0x0000000087c00000, 0x0000000087d00000, 0x0000000087d00000|100%|HS|  |TAMS 0x0000000087c00000, 0x0000000087c00000| Complete 
| 103|0x0000000087d00000, 0x0000000087e00000, 0x0000000087e00000|100%|HC|  |TAMS 0x0000000087d00000, 0x0000000087d00000| Complete 
| 104|0x0000000087e00000, 0x0000000087f00000, 0x0000000087f00000|100%|HC|  |TAMS 0x0000000087e00000, 0x0000000087e00000| Complete 
| 105|0x0000000087f00000, 0x0000000088000000, 0x0000000088000000|100%|HC|  |TAMS 0x0000000087f00000, 0x0000000087f00000| Complete 
| 106|0x0000000088000000, 0x0000000088100000, 0x0000000088100000|100%| O|  |TAMS 0x0000000088000000, 0x0000000088000000| Untracked 
| 107|0x0000000088100000, 0x0000000088200000, 0x0000000088200000|100%| O|  |TAMS 0x0000000088100000, 0x0000000088100000| Untracked 
| 108|0x0000000088200000, 0x0000000088300000, 0x0000000088300000|100%| O|  |TAMS 0x0000000088200000, 0x0000000088200000| Untracked 
| 109|0x0000000088300000, 0x0000000088400000, 0x0000000088400000|100%| O|  |TAMS 0x0000000088300000, 0x0000000088300000| Untracked 
| 110|0x0000000088400000, 0x0000000088500000, 0x0000000088500000|100%| O|  |TAMS 0x0000000088400000, 0x0000000088400000| Untracked 
| 111|0x0000000088500000, 0x0000000088600000, 0x0000000088600000|100%| O|  |TAMS 0x0000000088500000, 0x0000000088500000| Untracked 
| 112|0x0000000088600000, 0x0000000088700000, 0x0000000088700000|100%| O|  |TAMS 0x0000000088600000, 0x0000000088600000| Untracked 
| 113|0x0000000088700000, 0x0000000088800000, 0x0000000088800000|100%| O|  |TAMS 0x0000000088700000, 0x0000000088700000| Untracked 
| 114|0x0000000088800000, 0x0000000088900000, 0x0000000088900000|100%| O|  |TAMS 0x0000000088800000, 0x0000000088800000| Untracked 
| 115|0x0000000088900000, 0x0000000088a00000, 0x0000000088a00000|100%| O|  |TAMS 0x0000000088900000, 0x0000000088900000| Untracked 
| 116|0x0000000088a00000, 0x0000000088b00000, 0x0000000088b00000|100%| O|  |TAMS 0x0000000088a00000, 0x0000000088a00000| Untracked 
| 117|0x0000000088b00000, 0x0000000088c00000, 0x0000000088c00000|100%| O|  |TAMS 0x0000000088b00000, 0x0000000088b00000| Untracked 
| 118|0x0000000088c00000, 0x0000000088c00000, 0x0000000088d00000|  0%| F|  |TAMS 0x0000000088c00000, 0x0000000088c00000| Untracked 
| 119|0x0000000088d00000, 0x0000000088d00000, 0x0000000088e00000|  0%| F|  |TAMS 0x0000000088d00000, 0x0000000088d00000| Untracked 
| 120|0x0000000088e00000, 0x0000000088e00000, 0x0000000088f00000|  0%| F|  |TAMS 0x0000000088e00000, 0x0000000088e00000| Untracked 
| 121|0x0000000088f00000, 0x0000000088f00000, 0x0000000089000000|  0%| F|  |TAMS 0x0000000088f00000, 0x0000000088f00000| Untracked 
| 122|0x0000000089000000, 0x0000000089000000, 0x0000000089100000|  0%| F|  |TAMS 0x0000000089000000, 0x0000000089000000| Untracked 
| 123|0x0000000089100000, 0x0000000089100000, 0x0000000089200000|  0%| F|  |TAMS 0x0000000089100000, 0x0000000089100000| Untracked 
| 124|0x0000000089200000, 0x0000000089200000, 0x0000000089300000|  0%| F|  |TAMS 0x0000000089200000, 0x0000000089200000| Untracked 
| 125|0x0000000089300000, 0x0000000089300000, 0x0000000089400000|  0%| F|  |TAMS 0x0000000089300000, 0x0000000089300000| Untracked 
| 126|0x0000000089400000, 0x0000000089400000, 0x0000000089500000|  0%| F|  |TAMS 0x0000000089400000, 0x0000000089400000| Untracked 
| 127|0x0000000089500000, 0x0000000089500000, 0x0000000089600000|  0%| F|  |TAMS 0x0000000089500000, 0x0000000089500000| Untracked 
| 128|0x0000000089600000, 0x0000000089600000, 0x0000000089700000|  0%| F|  |TAMS 0x0000000089600000, 0x0000000089600000| Untracked 
| 129|0x0000000089700000, 0x0000000089700000, 0x0000000089800000|  0%| F|  |TAMS 0x0000000089700000, 0x0000000089700000| Untracked 
| 130|0x0000000089800000, 0x0000000089800000, 0x0000000089900000|  0%| F|  |TAMS 0x0000000089800000, 0x0000000089800000| Untracked 
| 131|0x0000000089900000, 0x0000000089900000, 0x0000000089a00000|  0%| F|  |TAMS 0x0000000089900000, 0x0000000089900000| Untracked 
| 132|0x0000000089a00000, 0x0000000089a00000, 0x0000000089b00000|  0%| F|  |TAMS 0x0000000089a00000, 0x0000000089a00000| Untracked 
| 133|0x0000000089b00000, 0x0000000089b00000, 0x0000000089c00000|  0%| F|  |TAMS 0x0000000089b00000, 0x0000000089b00000| Untracked 
| 134|0x0000000089c00000, 0x0000000089c00000, 0x0000000089d00000|  0%| F|  |TAMS 0x0000000089c00000, 0x0000000089c00000| Untracked 
| 135|0x0000000089d00000, 0x0000000089d00000, 0x0000000089e00000|  0%| F|  |TAMS 0x0000000089d00000, 0x0000000089d00000| Untracked 
| 136|0x0000000089e00000, 0x0000000089e00000, 0x0000000089f00000|  0%| F|  |TAMS 0x0000000089e00000, 0x0000000089e00000| Untracked 
| 137|0x0000000089f00000, 0x0000000089f00000, 0x000000008a000000|  0%| F|  |TAMS 0x0000000089f00000, 0x0000000089f00000| Untracked 
| 138|0x000000008a000000, 0x000000008a000000, 0x000000008a100000|  0%| F|  |TAMS 0x000000008a000000, 0x000000008a000000| Untracked 
| 139|0x000000008a100000, 0x000000008a100000, 0x000000008a200000|  0%| F|  |TAMS 0x000000008a100000, 0x000000008a100000| Untracked 
| 140|0x000000008a200000, 0x000000008a200000, 0x000000008a300000|  0%| F|  |TAMS 0x000000008a200000, 0x000000008a200000| Untracked 
| 141|0x000000008a300000, 0x000000008a300000, 0x000000008a400000|  0%| F|  |TAMS 0x000000008a300000, 0x000000008a300000| Untracked 
| 142|0x000000008a400000, 0x000000008a400000, 0x000000008a500000|  0%| F|  |TAMS 0x000000008a400000, 0x000000008a400000| Untracked 
| 143|0x000000008a500000, 0x000000008a500000, 0x000000008a600000|  0%| F|  |TAMS 0x000000008a500000, 0x000000008a500000| Untracked 
| 144|0x000000008a600000, 0x000000008a600000, 0x000000008a700000|  0%| F|  |TAMS 0x000000008a600000, 0x000000008a600000| Untracked 
| 145|0x000000008a700000, 0x000000008a700000, 0x000000008a800000|  0%| F|  |TAMS 0x000000008a700000, 0x000000008a700000| Untracked 
| 146|0x000000008a800000, 0x000000008a800000, 0x000000008a900000|  0%| F|  |TAMS 0x000000008a800000, 0x000000008a800000| Untracked 
| 147|0x000000008a900000, 0x000000008aa00000, 0x000000008aa00000|100%| S|CS|TAMS 0x000000008a900000, 0x000000008a900000| Complete 
| 148|0x000000008aa00000, 0x000000008ab00000, 0x000000008ab00000|100%| S|CS|TAMS 0x000000008aa00000, 0x000000008aa00000| Complete 
| 149|0x000000008ab00000, 0x000000008ac00000, 0x000000008ac00000|100%| S|CS|TAMS 0x000000008ab00000, 0x000000008ab00000| Complete 
| 150|0x000000008ac00000, 0x000000008ad00000, 0x000000008ad00000|100%| S|CS|TAMS 0x000000008ac00000, 0x000000008ac00000| Complete 
| 151|0x000000008ad00000, 0x000000008ae00000, 0x000000008ae00000|100%| S|CS|TAMS 0x000000008ad00000, 0x000000008ad00000| Complete 
| 152|0x000000008ae00000, 0x000000008af00000, 0x000000008af00000|100%| S|CS|TAMS 0x000000008ae00000, 0x000000008ae00000| Complete 
| 153|0x000000008af00000, 0x000000008af00000, 0x000000008b000000|  0%| F|  |TAMS 0x000000008af00000, 0x000000008af00000| Untracked 
| 154|0x000000008b000000, 0x000000008b000000, 0x000000008b100000|  0%| F|  |TAMS 0x000000008b000000, 0x000000008b000000| Untracked 
| 155|0x000000008b100000, 0x000000008b100000, 0x000000008b200000|  0%| F|  |TAMS 0x000000008b100000, 0x000000008b100000| Untracked 
| 156|0x000000008b200000, 0x000000008b200000, 0x000000008b300000|  0%| F|  |TAMS 0x000000008b200000, 0x000000008b200000| Untracked 
| 157|0x000000008b300000, 0x000000008b300000, 0x000000008b400000|  0%| F|  |TAMS 0x000000008b300000, 0x000000008b300000| Untracked 
| 158|0x000000008b400000, 0x000000008b400000, 0x000000008b500000|  0%| F|  |TAMS 0x000000008b400000, 0x000000008b400000| Untracked 
| 159|0x000000008b500000, 0x000000008b500000, 0x000000008b600000|  0%| F|  |TAMS 0x000000008b500000, 0x000000008b500000| Untracked 
| 160|0x000000008b600000, 0x000000008b600000, 0x000000008b700000|  0%| F|  |TAMS 0x000000008b600000, 0x000000008b600000| Untracked 
| 161|0x000000008b700000, 0x000000008b700000, 0x000000008b800000|  0%| F|  |TAMS 0x000000008b700000, 0x000000008b700000| Untracked 
| 162|0x000000008b800000, 0x000000008b800000, 0x000000008b900000|  0%| F|  |TAMS 0x000000008b800000, 0x000000008b800000| Untracked 
| 163|0x000000008b900000, 0x000000008b900000, 0x000000008ba00000|  0%| F|  |TAMS 0x000000008b900000, 0x000000008b900000| Untracked 
| 164|0x000000008ba00000, 0x000000008ba00000, 0x000000008bb00000|  0%| F|  |TAMS 0x000000008ba00000, 0x000000008ba00000| Untracked 
| 165|0x000000008bb00000, 0x000000008bb00000, 0x000000008bc00000|  0%| F|  |TAMS 0x000000008bb00000, 0x000000008bb00000| Untracked 
| 166|0x000000008bc00000, 0x000000008bc00000, 0x000000008bd00000|  0%| F|  |TAMS 0x000000008bc00000, 0x000000008bc00000| Untracked 
| 167|0x000000008bd00000, 0x000000008bd00000, 0x000000008be00000|  0%| F|  |TAMS 0x000000008bd00000, 0x000000008bd00000| Untracked 
| 168|0x000000008be00000, 0x000000008be00000, 0x000000008bf00000|  0%| F|  |TAMS 0x000000008be00000, 0x000000008be00000| Untracked 
| 169|0x000000008bf00000, 0x000000008bf00000, 0x000000008c000000|  0%| F|  |TAMS 0x000000008bf00000, 0x000000008bf00000| Untracked 
| 170|0x000000008c000000, 0x000000008c000000, 0x000000008c100000|  0%| F|  |TAMS 0x000000008c000000, 0x000000008c000000| Untracked 
| 171|0x000000008c100000, 0x000000008c100000, 0x000000008c200000|  0%| F|  |TAMS 0x000000008c100000, 0x000000008c100000| Untracked 
| 172|0x000000008c200000, 0x000000008c200000, 0x000000008c300000|  0%| F|  |TAMS 0x000000008c200000, 0x000000008c200000| Untracked 
| 173|0x000000008c300000, 0x000000008c300000, 0x000000008c400000|  0%| F|  |TAMS 0x000000008c300000, 0x000000008c300000| Untracked 
| 174|0x000000008c400000, 0x000000008c400000, 0x000000008c500000|  0%| F|  |TAMS 0x000000008c400000, 0x000000008c400000| Untracked 
| 175|0x000000008c500000, 0x000000008c500000, 0x000000008c600000|  0%| F|  |TAMS 0x000000008c500000, 0x000000008c500000| Untracked 
| 176|0x000000008c600000, 0x000000008c600000, 0x000000008c700000|  0%| F|  |TAMS 0x000000008c600000, 0x000000008c600000| Untracked 
| 177|0x000000008c700000, 0x000000008c700000, 0x000000008c800000|  0%| F|  |TAMS 0x000000008c700000, 0x000000008c700000| Untracked 
| 178|0x000000008c800000, 0x000000008c800000, 0x000000008c900000|  0%| F|  |TAMS 0x000000008c800000, 0x000000008c800000| Untracked 
| 179|0x000000008c900000, 0x000000008c900000, 0x000000008ca00000|  0%| F|  |TAMS 0x000000008c900000, 0x000000008c900000| Untracked 
| 180|0x000000008ca00000, 0x000000008ca00000, 0x000000008cb00000|  0%| F|  |TAMS 0x000000008ca00000, 0x000000008ca00000| Untracked 
| 181|0x000000008cb00000, 0x000000008cb00000, 0x000000008cc00000|  0%| F|  |TAMS 0x000000008cb00000, 0x000000008cb00000| Untracked 
| 182|0x000000008cc00000, 0x000000008cc00000, 0x000000008cd00000|  0%| F|  |TAMS 0x000000008cc00000, 0x000000008cc00000| Untracked 
| 183|0x000000008cd00000, 0x000000008cd00000, 0x000000008ce00000|  0%| F|  |TAMS 0x000000008cd00000, 0x000000008cd00000| Untracked 
| 184|0x000000008ce00000, 0x000000008ce00000, 0x000000008cf00000|  0%| F|  |TAMS 0x000000008ce00000, 0x000000008ce00000| Untracked 
| 185|0x000000008cf00000, 0x000000008cf00000, 0x000000008d000000|  0%| F|  |TAMS 0x000000008cf00000, 0x000000008cf00000| Untracked 
| 186|0x000000008d000000, 0x000000008d000000, 0x000000008d100000|  0%| F|  |TAMS 0x000000008d000000, 0x000000008d000000| Untracked 
| 187|0x000000008d100000, 0x000000008d100000, 0x000000008d200000|  0%| F|  |TAMS 0x000000008d100000, 0x000000008d100000| Untracked 
| 188|0x000000008d200000, 0x000000008d200000, 0x000000008d300000|  0%| F|  |TAMS 0x000000008d200000, 0x000000008d200000| Untracked 
| 189|0x000000008d300000, 0x000000008d300000, 0x000000008d400000|  0%| F|  |TAMS 0x000000008d300000, 0x000000008d300000| Untracked 

Card table byte_map: [0x0000020058240000,0x0000020058640000] _byte_map_base: 0x0000020057e35000

Marking Bits (Prev, Next): (CMBitMap*) 0x0000020040c5f440, (CMBitMap*) 0x0000020040c5f480
 Prev Bits: [0x0000020058a40000, 0x000002005a9e8000)
 Next Bits: [0x000002005a9f0000, 0x000002005c998000)

Polling page: 0x000002003e9b0000

Metaspace:

Usage:
  Non-class:      4.03 MB capacity,   661.65 KB ( 16%) used,     3.38 MB ( 84%) free+waste,   640 bytes ( <1%) overhead. 
      Class:    391.00 KB capacity,    56.40 KB ( 14%) used,   334.29 KB ( 85%) free+waste,   320 bytes ( <1%) overhead. 
       Both:      4.41 MB capacity,   718.05 KB ( 16%) used,     3.71 MB ( 84%) free+waste,   960 bytes ( <1%) overhead. 

Virtual space:
  Non-class space:        8.00 MB reserved,       4.25 MB ( 53%) committed 
      Class space:        1.00 GB reserved,     512.00 KB ( <1%) committed 
             Both:        1.01 GB reserved,       4.75 MB ( <1%) committed 

Chunk freelists:
   Non-Class:  2.00 KB
       Class:  1.00 KB
        Both:  3.00 KB

MaxMetaspaceSize: 17179869184.00 GB
CompressedClassSpaceSize: 1.00 GB

CodeHeap 'non-profiled nmethods': size=120000Kb used=167Kb max_used=167Kb free=119832Kb
 bounds [0x0000020050910000, 0x0000020050b80000, 0x0000020057e40000]
CodeHeap 'profiled nmethods': size=120000Kb used=500Kb max_used=500Kb free=119499Kb
 bounds [0x00000200493e0000, 0x0000020049650000, 0x0000020050910000]
CodeHeap 'non-nmethods': size=5760Kb used=1105Kb max_used=1137Kb free=4654Kb
 bounds [0x0000020048e40000, 0x00000200490b0000, 0x00000200493e0000]
 total_blobs=651 nmethods=307 adapters=257
 compilation: enabled
              stopped_count=0, restarted_count=0
 full_count=0

Compilation events (20 events):
Event: 3.147 Thread 0x000002005f98d150  298       4       java.nio.ByteBuffer::position (8 bytes)
Event: 3.149 Thread 0x000002005f98d150 nmethod 298 0x0000020050936590 code [0x0000020050936700, 0x00000200509367d8]
Event: 3.307 Thread 0x000002005f98d150  299       4       java.nio.ByteBuffer::arrayOffset (35 bytes)
Event: 3.308 Thread 0x000002005f98d150 nmethod 299 0x0000020050936890 code [0x0000020050936a00, 0x0000020050936a98]
Event: 3.388 Thread 0x000002005ed8b220  300       4       java.lang.AbstractStringBuilder::ensureCapacityInternal (39 bytes)
Event: 3.394 Thread 0x000002005ed8b220 nmethod 300 0x0000020050936b90 code [0x0000020050936d20, 0x0000020050937168]
Event: 3.410 Thread 0x000002005ed8b220  301       4       java.nio.CharBuffer::position (6 bytes)
Event: 3.411 Thread 0x000002005ed8b220 nmethod 301 0x0000020050937310 code [0x0000020050937480, 0x0000020050937558]
Event: 3.411 Thread 0x000002005ed8b220  302       4       java.nio.ByteBuffer::array (35 bytes)
Event: 3.411 Thread 0x000002005ed8b220 nmethod 302 0x0000020050937690 code [0x0000020050937800, 0x0000020050937898]
Event: 3.423 Thread 0x000002005ed8b220  303       4       java.nio.CharBuffer::arrayOffset (35 bytes)
Event: 3.424 Thread 0x000002005ed8b220 nmethod 303 0x0000020050937990 code [0x0000020050937b00, 0x0000020050937b98]
Event: 3.465 Thread 0x000002005ed8b220  304       4       java.nio.CharBuffer::array (35 bytes)
Event: 3.465 Thread 0x000002005ed8b220 nmethod 304 0x0000020050937c90 code [0x0000020050937e00, 0x0000020050937e98]
Event: 3.471 Thread 0x000002005ed8b220  305       4       java.lang.StringBuilder::append (10 bytes)
Event: 3.488 Thread 0x000002005ed8b220 nmethod 305 0x0000020050937f90 code [0x0000020050938140, 0x00000200509389e8]
Event: 3.489 Thread 0x000002005ed8b220  306       4       java.nio.ByteBuffer::position (6 bytes)
Event: 3.490 Thread 0x000002005ed8b220 nmethod 306 0x0000020050938e90 code [0x0000020050939020, 0x0000020050939118]
Event: 3.496 Thread 0x000002005ed8b220  307       4       sun.nio.cs.SingleByte$Decoder::decodeLoop (28 bytes)
Event: 3.509 Thread 0x000002005ed8b220 nmethod 307 0x0000020050939210 code [0x00000200509393c0, 0x0000020050939a38]

GC Heap History (20 events):
Event: 2.743 GC heap after
{Heap after GC invocations=1 (full 0):
 garbage-first heap   total 131072K, used 3552K [0x0000000081600000, 0x0000000100000000)
  region size 1024K, 2 young (2048K), 2 survivors (2048K)
 Metaspace       used 681K, capacity 4517K, committed 4864K, reserved 1056768K
  class space    used 56K, capacity 391K, committed 512K, reserved 1048576K
}
Event: 2.787 GC heap before
{Heap before GC invocations=1 (full 0):
 garbage-first heap   total 131072K, used 11744K [0x0000000081600000, 0x0000000100000000)
  region size 1024K, 10 young (10240K), 2 survivors (2048K)
 Metaspace       used 692K, capacity 4517K, committed 4864K, reserved 1056768K
  class space    used 56K, capacity 391K, committed 512K, reserved 1048576K
}
Event: 2.795 GC heap after
{Heap after GC invocations=2 (full 0):
 garbage-first heap   total 131072K, used 5911K [0x0000000081600000, 0x0000000100000000)
  region size 1024K, 2 young (2048K), 2 survivors (2048K)
 Metaspace       used 692K, capacity 4517K, committed 4864K, reserved 1056768K
  class space    used 56K, capacity 391K, committed 512K, reserved 1048576K
}
Event: 2.855 GC heap before
{Heap before GC invocations=2 (full 0):
 garbage-first heap   total 131072K, used 24343K [0x0000000081600000, 0x0000000100000000)
  region size 1024K, 21 young (21504K), 2 survivors (2048K)
 Metaspace       used 708K, capacity 4517K, committed 4864K, reserved 1056768K
  class space    used 56K, capacity 391K, committed 512K, reserved 1048576K
}
Event: 2.869 GC heap after
{Heap after GC invocations=3 (full 0):
 garbage-first heap   total 131072K, used 11170K [0x0000000081600000, 0x0000000100000000)
  region size 1024K, 3 young (3072K), 3 survivors (3072K)
 Metaspace       used 708K, capacity 4517K, committed 4864K, reserved 1056768K
  class space    used 56K, capacity 391K, committed 512K, reserved 1048576K
}
Event: 2.935 GC heap before
{Heap before GC invocations=3 (full 0):
 garbage-first heap   total 131072K, used 48034K [0x0000000081600000, 0x0000000100000000)
  region size 1024K, 39 young (39936K), 3 survivors (3072K)
 Metaspace       used 718K, capacity 4517K, committed 4864K, reserved 1056768K
  class space    used 56K, capacity 391K, committed 512K, reserved 1048576K
}
Event: 2.957 GC heap after
{Heap after GC invocations=4 (full 0):
 garbage-first heap   total 131072K, used 21441K [0x0000000081600000, 0x0000000100000000)
  region size 1024K, 5 young (5120K), 5 survivors (5120K)
 Metaspace       used 718K, capacity 4517K, committed 4864K, reserved 1056768K
  class space    used 56K, capacity 391K, committed 512K, reserved 1048576K
}
Event: 3.035 GC heap before
{Heap before GC invocations=4 (full 0):
 garbage-first heap   total 131072K, used 69569K [0x0000000081600000, 0x0000000100000000)
  region size 1024K, 50 young (51200K), 5 survivors (5120K)
 Metaspace       used 718K, capacity 4517K, committed 4864K, reserved 1056768K
  class space    used 56K, capacity 391K, committed 512K, reserved 1048576K
}
Event: 3.069 GC heap after
{Heap after GC invocations=5 (full 0):
 garbage-first heap   total 131072K, used 36300K [0x0000000081600000, 0x0000000100000000)
  region size 1024K, 7 young (7168K), 7 survivors (7168K)
 Metaspace       used 718K, capacity 4517K, committed 4864K, reserved 1056768K
  class space    used 56K, capacity 391K, committed 512K, reserved 1048576K
}
Event: 3.111 GC heap before
{Heap before GC invocations=5 (full 0):
 garbage-first heap   total 131072K, used 77260K [0x0000000081600000, 0x0000000100000000)
  region size 1024K, 47 young (48128K), 7 survivors (7168K)
 Metaspace       used 718K, capacity 4517K, committed 4864K, reserved 1056768K
  class space    used 56K, capacity 391K, committed 512K, reserved 1048576K
}
Event: 3.141 GC heap after
{Heap after GC invocations=6 (full 0):
 garbage-first heap   total 131072K, used 48128K [0x0000000081600000, 0x0000000100000000)
  region size 1024K, 6 young (6144K), 6 survivors (6144K)
 Metaspace       used 718K, capacity 4517K, committed 4864K, reserved 1056768K
  class space    used 56K, capacity 391K, committed 512K, reserved 1048576K
}
Event: 3.181 GC heap before
{Heap before GC invocations=6 (full 0):
 garbage-first heap   total 131072K, used 88064K [0x0000000081600000, 0x0000000100000000)
  region size 1024K, 43 young (44032K), 6 survivors (6144K)
 Metaspace       used 718K, capacity 4517K, committed 4864K, reserved 1056768K
  class space    used 56K, capacity 391K, committed 512K, reserved 1048576K
}
Event: 3.209 GC heap after
{Heap after GC invocations=7 (full 0):
 garbage-first heap   total 194560K, used 61440K [0x0000000081600000, 0x0000000100000000)
  region size 1024K, 6 young (6144K), 6 survivors (6144K)
 Metaspace       used 718K, capacity 4517K, committed 4864K, reserved 1056768K
  class space    used 56K, capacity 391K, committed 512K, reserved 1048576K
}
Event: 3.329 GC heap before
{Heap before GC invocations=7 (full 0):
 garbage-first heap   total 194560K, used 126976K [0x0000000081600000, 0x0000000100000000)
  region size 1024K, 67 young (68608K), 6 survivors (6144K)
 Metaspace       used 718K, capacity 4517K, committed 4864K, reserved 1056768K
  class space    used 56K, capacity 391K, committed 512K, reserved 1048576K
}
Event: 3.365 GC heap after
{Heap after GC invocations=8 (full 0):
 garbage-first heap   total 194560K, used 82432K [0x0000000081600000, 0x0000000100000000)
  region size 1024K, 9 young (9216K), 9 survivors (9216K)
 Metaspace       used 718K, capacity 4517K, committed 4864K, reserved 1056768K
  class space    used 56K, capacity 391K, committed 512K, reserved 1048576K
}
Event: 3.426 GC heap before
{Heap before GC invocations=8 (full 0):
 garbage-first heap   total 194560K, used 134656K [0x0000000081600000, 0x0000000100000000)
  region size 1024K, 60 young (61440K), 9 survivors (9216K)
 Metaspace       used 718K, capacity 4517K, committed 4864K, reserved 1056768K
  class space    used 56K, capacity 391K, committed 512K, reserved 1048576K
}
Event: 3.456 GC heap after
{Heap after GC invocations=9 (full 0):
 garbage-first heap   total 194560K, used 97792K [0x0000000081600000, 0x0000000100000000)
  region size 1024K, 8 young (8192K), 8 survivors (8192K)
 Metaspace       used 718K, capacity 4517K, committed 4864K, reserved 1056768K
  class space    used 56K, capacity 391K, committed 512K, reserved 1048576K
}
Event: 3.516 GC heap before
{Heap before GC invocations=9 (full 0):
 garbage-first heap   total 194560K, used 143872K [0x0000000081600000, 0x0000000100000000)
  region size 1024K, 53 young (54272K), 8 survivors (8192K)
 Metaspace       used 718K, capacity 4517K, committed 4864K, reserved 1056768K
  class space    used 56K, capacity 391K, committed 512K, reserved 1048576K
}
Event: 3.541 GC heap after
{Heap after GC invocations=10 (full 0):
 garbage-first heap   total 194560K, used 111616K [0x0000000081600000, 0x0000000100000000)
  region size 1024K, 7 young (7168K), 7 survivors (7168K)
 Metaspace       used 718K, capacity 4517K, committed 4864K, reserved 1056768K
  class space    used 56K, capacity 391K, committed 512K, reserved 1048576K
}
Event: 3.594 GC heap before
{Heap before GC invocations=10 (full 0):
 garbage-first heap   total 194560K, used 153600K [0x0000000081600000, 0x0000000100000000)
  region size 1024K, 44 young (45056K), 7 survivors (7168K)
 Metaspace       used 718K, capacity 4517K, committed 4864K, reserved 1056768K
  class space    used 56K, capacity 391K, committed 512K, reserved 1048576K
}

Deoptimization events (20 events):
Event: 2.916 Thread 0x0000020040c200b0 DEOPT PACKING pc=0x000002004945596c sp=0x0000003fc53fefb0
Event: 2.916 Thread 0x0000020040c200b0 DEOPT UNPACKING pc=0x0000020048e8e23f sp=0x0000003fc53fe510 mode 0
Event: 2.927 Thread 0x0000020040c200b0 DEOPT PACKING pc=0x000002004945596c sp=0x0000003fc53fefb0
Event: 2.927 Thread 0x0000020040c200b0 DEOPT UNPACKING pc=0x0000020048e8e23f sp=0x0000003fc53fe510 mode 0
Event: 2.958 Thread 0x0000020040c200b0 DEOPT PACKING pc=0x000002004945596c sp=0x0000003fc53fefb0
Event: 2.958 Thread 0x0000020040c200b0 DEOPT UNPACKING pc=0x0000020048e8e23f sp=0x0000003fc53fe510 mode 0
Event: 2.971 Thread 0x0000020040c200b0 DEOPT PACKING pc=0x000002004945596c sp=0x0000003fc53fefb0
Event: 2.971 Thread 0x0000020040c200b0 DEOPT UNPACKING pc=0x0000020048e8e23f sp=0x0000003fc53fe510 mode 0
Event: 2.979 Thread 0x0000020040c200b0 DEOPT PACKING pc=0x000002004945596c sp=0x0000003fc53fefb0
Event: 2.979 Thread 0x0000020040c200b0 DEOPT UNPACKING pc=0x0000020048e8e23f sp=0x0000003fc53fe510 mode 0
Event: 2.986 Thread 0x0000020040c200b0 DEOPT PACKING pc=0x000002004945596c sp=0x0000003fc53fefb0
Event: 2.986 Thread 0x0000020040c200b0 DEOPT UNPACKING pc=0x0000020048e8e23f sp=0x0000003fc53fe510 mode 0
Event: 2.994 Thread 0x0000020040c200b0 DEOPT PACKING pc=0x000002004945596c sp=0x0000003fc53fefb0
Event: 2.994 Thread 0x0000020040c200b0 DEOPT UNPACKING pc=0x0000020048e8e23f sp=0x0000003fc53fe510 mode 0
Event: 3.002 Thread 0x0000020040c200b0 DEOPT PACKING pc=0x000002004945596c sp=0x0000003fc53fefb0
Event: 3.002 Thread 0x0000020040c200b0 DEOPT UNPACKING pc=0x0000020048e8e23f sp=0x0000003fc53fe510 mode 0
Event: 3.014 Thread 0x0000020040c200b0 DEOPT PACKING pc=0x000002004945596c sp=0x0000003fc53fefb0
Event: 3.014 Thread 0x0000020040c200b0 DEOPT UNPACKING pc=0x0000020048e8e23f sp=0x0000003fc53fe510 mode 0
Event: 3.027 Thread 0x0000020040c200b0 DEOPT PACKING pc=0x000002004945596c sp=0x0000003fc53fefb0
Event: 3.027 Thread 0x0000020040c200b0 DEOPT UNPACKING pc=0x0000020048e8e23f sp=0x0000003fc53fe510 mode 0

Classes unloaded (0 events):
No events

Classes redefined (0 events):
No events

Internal exceptions (0 events):
No events

Events (20 events):
Event: 2.787 Executing VM operation: G1CollectForAllocation
Event: 2.795 Executing VM operation: G1CollectForAllocation done
Event: 2.855 Executing VM operation: G1CollectForAllocation
Event: 2.869 Executing VM operation: G1CollectForAllocation done
Event: 2.935 Executing VM operation: G1CollectForAllocation
Event: 2.957 Executing VM operation: G1CollectForAllocation done
Event: 3.035 Executing VM operation: G1CollectForAllocation
Event: 3.069 Executing VM operation: G1CollectForAllocation done
Event: 3.111 Executing VM operation: G1CollectForAllocation
Event: 3.141 Executing VM operation: G1CollectForAllocation done
Event: 3.181 Executing VM operation: G1CollectForAllocation
Event: 3.209 Executing VM operation: G1CollectForAllocation done
Event: 3.329 Executing VM operation: G1CollectForAllocation
Event: 3.365 Executing VM operation: G1CollectForAllocation done
Event: 3.410 Thread 0x000002005f98d150 Thread exited: 0x000002005f98d150
Event: 3.426 Executing VM operation: G1CollectForAllocation
Event: 3.456 Executing VM operation: G1CollectForAllocation done
Event: 3.516 Executing VM operation: G1CollectForAllocation
Event: 3.542 Executing VM operation: G1CollectForAllocation done
Event: 3.594 Executing VM operation: G1CollectForAllocation


Dynamic libraries:
0x00007ff721bd0000 - 0x00007ff721bdf000 	C:\Program Files\Java\jdk-15\bin\javaw.exe
0x00007ffe21420000 - 0x00007ffe21610000 	C:\windows\SYSTEM32\ntdll.dll
0x00007ffe20a90000 - 0x00007ffe20b42000 	C:\windows\System32\KERNEL32.DLL
0x00007ffe1e5b0000 - 0x00007ffe1e855000 	C:\windows\System32\KERNELBASE.dll
0x00007ffe1b1e0000 - 0x00007ffe1b26f000 	C:\windows\SYSTEM32\apphelp.dll
0x00007ffe1f3a0000 - 0x00007ffe1f49a000 	C:\windows\System32\ucrtbase.dll
0x00007ffe19be0000 - 0x00007ffe19bf9000 	C:\Program Files\Java\jdk-15\bin\VCRUNTIME140.dll
0x00007ffe04190000 - 0x00007ffe041a8000 	C:\Program Files\Java\jdk-15\bin\jli.dll
0x00007ffe1fb20000 - 0x00007ffe1fbc3000 	C:\windows\System32\ADVAPI32.dll
0x00007ffe20c20000 - 0x00007ffe20cbe000 	C:\windows\System32\msvcrt.dll
0x00007ffe20dc0000 - 0x00007ffe20e57000 	C:\windows\System32\sechost.dll
0x00007ffe20f10000 - 0x00007ffe2102f000 	C:\windows\System32\RPCRT4.dll
0x00007ffe1f7e0000 - 0x00007ffe1f974000 	C:\windows\System32\USER32.dll
0x00007ffe1f040000 - 0x00007ffe1f061000 	C:\windows\System32\win32u.dll
0x00007ffe1fa20000 - 0x00007ffe1fa46000 	C:\windows\System32\GDI32.dll
0x00007ffe1d730000 - 0x00007ffe1d9b4000 	C:\windows\WinSxS\amd64_microsoft.windows.common-controls_6595b64144ccf1df_6.0.18362.1556_none_9e7e372fe45e41d5\COMCTL32.dll
0x00007ffe1e410000 - 0x00007ffe1e5a8000 	C:\windows\System32\gdi32full.dll
0x00007ffe1f0f0000 - 0x00007ffe1f18e000 	C:\windows\System32\msvcp_win.dll
0x00007ffe1f4a0000 - 0x00007ffe1f7d6000 	C:\windows\System32\combase.dll
0x00007ffe1e380000 - 0x00007ffe1e401000 	C:\windows\System32\bcryptPrimitives.dll
0x00007ffe16730000 - 0x00007ffe1673a000 	C:\windows\SYSTEM32\VERSION.dll
0x00007ffe20d90000 - 0x00007ffe20dbe000 	C:\windows\System32\IMM32.DLL
0x00007ffe19c80000 - 0x00007ffe19c8c000 	C:\Program Files\Java\jdk-15\bin\vcruntime140_1.dll
0x00007ffde4cd0000 - 0x00007ffde4d61000 	C:\Program Files\Java\jdk-15\bin\msvcp140.dll
0x00007ffdc3290000 - 0x00007ffdc3dec000 	C:\Program Files\Java\jdk-15\bin\server\jvm.dll
0x00007ffe21260000 - 0x00007ffe21268000 	C:\windows\System32\PSAPI.DLL
0x00007ffe0df90000 - 0x00007ffe0dfb4000 	C:\windows\SYSTEM32\WINMM.dll
0x00007ffe02350000 - 0x00007ffe02359000 	C:\windows\SYSTEM32\WSOCK32.dll
0x00007ffe20b50000 - 0x00007ffe20bbf000 	C:\windows\System32\WS2_32.dll
0x00007ffe0df60000 - 0x00007ffe0df8d000 	C:\windows\SYSTEM32\WINMMBASE.dll
0x00007ffe1f070000 - 0x00007ffe1f0ba000 	C:\windows\System32\cfgmgr32.dll
0x00007ffe1e320000 - 0x00007ffe1e331000 	C:\windows\System32\kernel.appcore.dll
0x00007ffe17590000 - 0x00007ffe1759a000 	C:\Program Files\Java\jdk-15\bin\jimage.dll
0x00007ffe1dc90000 - 0x00007ffe1de84000 	C:\windows\SYSTEM32\DBGHELP.DLL
0x00007ffe1dc60000 - 0x00007ffe1dc8a000 	C:\windows\SYSTEM32\dbgcore.DLL
0x00007ffdf4790000 - 0x00007ffdf47b5000 	C:\Program Files\Java\jdk-15\bin\java.dll
0x00007ffe201c0000 - 0x00007ffe208a7000 	C:\windows\System32\SHELL32.dll
0x00007ffe20e60000 - 0x00007ffe20f08000 	C:\windows\System32\shcore.dll
0x00007ffe1e8c0000 - 0x00007ffe1f03b000 	C:\windows\System32\windows.storage.dll
0x00007ffe1e340000 - 0x00007ffe1e35e000 	C:\windows\System32\profapi.dll
0x00007ffe1e2b0000 - 0x00007ffe1e2fa000 	C:\windows\System32\powrprof.dll
0x00007ffe1e2a0000 - 0x00007ffe1e2b0000 	C:\windows\System32\UMPDC.dll
0x00007ffe208d0000 - 0x00007ffe20922000 	C:\windows\System32\shlwapi.dll
0x00007ffe1e360000 - 0x00007ffe1e377000 	C:\windows\System32\cryptsp.dll

dbghelp: loaded successfully - version: 4.0.5 - missing functions: none
symbol engine: initialized successfully - sym options: 0x614 - pdb path: .;C:\Program Files\Java\jdk-15\bin;C:\windows\SYSTEM32;C:\windows\WinSxS\amd64_microsoft.windows.common-controls_6595b64144ccf1df_6.0.18362.1556_none_9e7e372fe45e41d5;C:\Program Files\Java\jdk-15\bin\server

VM Arguments:
jvm_args: -Dfile.encoding=Cp1252 
java_command: BusMain
java_class_path (initial): C:\Users\ingri\git\Final-Project-Ingrid\Vancouver Bus System\bin
Launcher Type: SUN_STANDARD

[Global flags]
     intx CICompilerCount                          = 3                                         {product} {ergonomic}
     uint ConcGCThreads                            = 1                                         {product} {ergonomic}
     uint G1ConcRefinementThreads                  = 4                                         {product} {ergonomic}
   size_t G1HeapRegionSize                         = 1048576                                   {product} {ergonomic}
    uintx GCDrainStackTargetSize                   = 64                                        {product} {ergonomic}
   size_t InitialHeapSize                          = 134217728                                 {product} {ergonomic}
   size_t MarkStackSize                            = 4194304                                   {product} {ergonomic}
   size_t MaxHeapSize                              = 2124414976                                {product} {ergonomic}
   size_t MaxNewSize                               = 1274019840                                {product} {ergonomic}
   size_t MinHeapDeltaBytes                        = 1048576                                   {product} {ergonomic}
   size_t MinHeapSize                              = 8388608                                   {product} {ergonomic}
    uintx NonNMethodCodeHeapSize                   = 5832780                                {pd product} {ergonomic}
    uintx NonProfiledCodeHeapSize                  = 122912730                              {pd product} {ergonomic}
    uintx ProfiledCodeHeapSize                     = 122912730                              {pd product} {ergonomic}
    uintx ReservedCodeCacheSize                    = 251658240                              {pd product} {ergonomic}
     bool SegmentedCodeCache                       = true                                      {product} {ergonomic}
   size_t SoftMaxHeapSize                          = 2124414976                             {manageable} {ergonomic}
     bool UseCompressedClassPointers               = true                                 {lp64_product} {ergonomic}
     bool UseCompressedOops                        = true                                 {lp64_product} {ergonomic}
     bool UseG1GC                                  = true                                      {product} {ergonomic}
     bool UseLargePagesIndividualAllocation        = false                                  {pd product} {ergonomic}

Logging:
Log output configuration:
 #0: stdout all=warning uptime,level,tags
 #1: stderr all=off uptime,level,tags

Environment Variables:
PATH=C:\Program Files\Common Files\Oracle\Java\javapath;C:\windows\system32;C:\windows;C:\windows\System32\Wbem;C:\windows\System32\WindowsPowerShell\v1.0\;C:\windows\System32\OpenSSH\;C:\Users\ingri\Downloads\jdk-14.0.1_windows-x64_bin.zip\jdk-14.0.1\bin;C:\Program Files\Git\cmd;C:\Users\ingri\AppData\Local\Programs\Python\Python39\Scripts\;C:\Users\ingri\AppData\Local\Programs\Python\Python39\;C:\Users\ingri\AppData\Local\Microsoft\WindowsApps;C:\Users\ingri\Documents\Microsoft VS Code\bin;C:\Users\ingri\AppData\Local\GitHubDesktop\bin
USERNAME=ingri
OS=Windows_NT
PROCESSOR_IDENTIFIER=Intel64 Family 6 Model 142 Stepping 9, GenuineIntel



---------------  S Y S T E M  ---------------

OS:
 Windows 10 , 64 bit Build 18362 (10.0.18362.1500)
OS uptime: 1 days 20:24 hours

CPU: total 4 (initial active 4) (2 cores per cpu, 2 threads per core) family 6 model 142 stepping 9, cmov, cx8, fxsr, mmx, sse, sse2, sse3, ssse3, sse4.1, sse4.2, popcnt, vzeroupper, avx, avx2, aes, clmul, erms, 3dnowpref, lzcnt, ht, tsc, tscinvbit, bmi1, bmi2, adx, fma, clflush, clflushopt

Memory: 4k page, system-wide physical 8103M (1627M free)
TotalPageFile size 23273M (AvailPageFile size 15M)
current process WorkingSet (physical memory assigned to process): 226M, peak: 226M
current process commit charge ("private bytes"): 277M, peak: 442M

vm_info: Java HotSpot(TM) 64-Bit Server VM (15+36-1562) for windows-amd64 JRE (15+36-1562), built on Aug 11 2020 22:38:02 by "mach5one" with unknown MS VC++:1925

END.
