#
# There is insufficient memory for the Java Runtime Environment to continue.
# Native memory allocation (mmap) failed to map 184549376 bytes for G1 virtual space
# Possible reasons:
#   The system is out of physical RAM or swap space
#   The process is running with CompressedOops enabled, and the Java Heap may be blocking the growth of the native heap
# Possible solutions:
#   Reduce memory load on the system
#   Increase physical memory or swap space
#   Check if swap backing store is full
#   Decrease Java heap size (-Xmx/-Xms)
#   Decrease number of Java threads
#   Decrease Java thread stack sizes (-Xss)
#   Set larger code cache with -XX:ReservedCodeCacheSize=
#   JVM is running with Unscaled Compressed Oops mode in which the Java heap is
#     placed in the first 4GB address space. The Java Heap base address is the
#     maximum limit for the native heap growth. Please use -XX:HeapBaseMinAddress
#     to set the Java Heap base and to place the Java Heap above 4GB virtual address.
# This output file may be truncated or incomplete.
#
#  Out of Memory Error (./open/src/hotspot/os/windows/os_windows.cpp:3472), pid=6240, tid=1404
#
# JRE version: Java(TM) SE Runtime Environment (15.0+36) (build 15+36-1562)
# Java VM: Java HotSpot(TM) 64-Bit Server VM (15+36-1562, mixed mode, sharing, tiered, compressed oops, g1 gc, windows-amd64)
# No core dump will be written. Minidumps are not enabled by default on client versions of Windows
#

---------------  S U M M A R Y ------------

Command Line: -Dfile.encoding=Cp1252 BusMain

Host: Intel(R) Core(TM) i3-7020U CPU @ 2.30GHz, 4 cores, 7G,  Windows 10 , 64 bit Build 18362 (10.0.18362.1500)
Time: Tue Apr  5 14:03:21 2022 GMT Summer Time elapsed time: 2.825141 seconds (0d 0h 0m 2s)

---------------  T H R E A D  ---------------

Current thread (0x000001337f73c6f0):  VMThread "VM Thread" [stack: 0x0000000b48500000,0x0000000b48600000] [id=1404]

Stack: [0x0000000b48500000,0x0000000b48600000]
[error occurred during error reporting (printing stack bounds), id 0xc0000005, EXCEPTION_ACCESS_VIOLATION (0xc0000005) at pc=0x00000133081610ad]

Native frames: (J=compiled Java code, j=interpreted, Vv=VM code, C=native code)
V  [jvm.dll+0x629eaa]
V  [jvm.dll+0x780379]
V  [jvm.dll+0x781ad3]
V  [jvm.dll+0x782095]
V  [jvm.dll+0x78204b]
V  [jvm.dll+0x629379]
V  [jvm.dll+0x629b48]
C  [ntdll.dll+0xa1fff]
C  [ntdll.dll+0x6aad9]
C  [ntdll.dll+0xa0c6e]
C  0x00000133081610ad

VM_Operation (0x0000000b47ffef20): G1CollectForAllocation, mode: safepoint, requested by thread 0x000001337a640f30


---------------  P R O C E S S  ---------------

Threads class SMR info:
_java_thread_list=0x000001331937dc50, length=12, elements={
0x000001337a640f30, 0x000001337f73ee70, 0x000001337f73f940, 0x000001337f75a510,
0x000001337f75ced0, 0x000001337f75d880, 0x000001337f75f570, 0x000001337f763160,
0x000001337f779b90, 0x0000013319350480, 0x000001331936c6f0, 0x0000013319488670
}

Java Threads: ( => current thread )
  0x000001337a640f30 JavaThread "main" [_thread_blocked, id=15192, stack(0x0000000b47f00000,0x0000000b48000000)]
  0x000001337f73ee70 JavaThread "Reference Handler" daemon [_thread_blocked, id=5572, stack(0x0000000b48600000,0x0000000b48700000)]
  0x000001337f73f940 JavaThread "Finalizer" daemon [_thread_blocked, id=19352, stack(0x0000000b48700000,0x0000000b48800000)]
  0x000001337f75a510 JavaThread "Signal Dispatcher" daemon [_thread_blocked, id=10528, stack(0x0000000b48800000,0x0000000b48900000)]
  0x000001337f75ced0 JavaThread "Attach Listener" daemon [_thread_blocked, id=8816, stack(0x0000000b48900000,0x0000000b48a00000)]
  0x000001337f75d880 JavaThread "Service Thread" daemon [_thread_blocked, id=22432, stack(0x0000000b48a00000,0x0000000b48b00000)]
  0x000001337f75f570 JavaThread "C2 CompilerThread0" daemon [_thread_blocked, id=20584, stack(0x0000000b48b00000,0x0000000b48c00000)]
  0x000001337f763160 JavaThread "C1 CompilerThread0" daemon [_thread_blocked, id=9976, stack(0x0000000b48c00000,0x0000000b48d00000)]
  0x000001337f779b90 JavaThread "Sweeper thread" daemon [_thread_blocked, id=20244, stack(0x0000000b48d00000,0x0000000b48e00000)]
  0x0000013319350480 JavaThread "Notification Thread" daemon [_thread_blocked, id=1212, stack(0x0000000b48e00000,0x0000000b48f00000)]
  0x000001331936c6f0 JavaThread "Common-Cleaner" daemon [_thread_blocked, id=2408, stack(0x0000000b49000000,0x0000000b49100000)]
  0x0000013319488670 JavaThread "C2 CompilerThread1" daemon [_thread_blocked, id=11332, stack(0x0000000b49100000,0x0000000b49200000)]

Other Threads:
=>0x000001337f73c6f0 VMThread "VM Thread" [stack: 0x0000000b48500000,0x0000000b48600000] [id=1404]
  0x0000013319351160 WatcherThread [stack: 0x0000000b48f00000,0x0000000b49000000] [id=19336]
  0x000001337a67f1c0 GCTaskThread "GC Thread#0" [stack: 0x0000000b48000000,0x0000000b48100000] [id=21480]
  0x000001331964a650 GCTaskThread "GC Thread#1" [stack: 0x0000000b49200000,0x0000000b49300000] [id=19852]
  0x000001331964c960 GCTaskThread "GC Thread#2" [stack: 0x0000000b49300000,0x0000000b49400000] [id=8936]
  0x000001331964a980 GCTaskThread "GC Thread#3" [stack: 0x0000000b49600000,0x0000000b49700000] [id=14080]
  0x000001337a690970 ConcurrentGCThread "G1 Main Marker" [stack: 0x0000000b48100000,0x0000000b48200000] [id=7060]
  0x000001337a691d80 ConcurrentGCThread "G1 Conc#0" [stack: 0x0000000b48200000,0x0000000b48300000] [id=3580]
  0x000001337f5b0090 ConcurrentGCThread "G1 Refine#0" [stack: 0x0000000b48300000,0x0000000b48400000] [id=6360]
  0x000001331961eb40 ConcurrentGCThread "G1 Refine#1" [stack: 0x0000000b49400000,0x0000000b49500000] [id=12884]
  0x0000013319591a20 ConcurrentGCThread "G1 Refine#2" [stack: 0x0000000b49500000,0x0000000b49600000] [id=14960]
  0x000001337f5b08d0 ConcurrentGCThread "G1 Young RemSet Sampling" [stack: 0x0000000b48400000,0x0000000b48500000] [id=18144]

Threads with active compile tasks:

VM state: at safepoint (normal execution)

VM Mutex/Monitor currently owned by a thread:  ([mutex/lock_event])
[0x000001337a63d9a0] Threads_lock - owner thread: 0x000001337f73c6f0
[0x000001337a63d490] Heap_lock - owner thread: 0x000001337a640f30

Heap address: 0x0000000081600000, size: 2026 MB, Compressed Oops mode: 32-bit
CDS archive(s) mapped at: [0x0000000800000000-0x0000000800b50000-0x0000000800b50000), size 11862016, SharedBaseAddress: 0x0000000800000000, ArchiveRelocationMode: 0.
Compressed class space mapped at: 0x0000000800b50000-0x0000000840b50000, size: 1073741824
Narrow klass base: 0x0000000800000000, Narrow klass shift: 3, Narrow klass range: 0x100000000

GC Precious Log:
 CPUs: 4 total, 4 available
 Memory: 8103M
 Large Page Support: Disabled
 NUMA Support: Disabled
 Compressed Oops: Enabled (32-bit)
 Heap Region Size: 1M
 Heap Min Capacity: 8M
 Heap Initial Capacity: 128M
 Heap Max Capacity: 2026M
 Pre-touch: Disabled
 Parallel Workers: 4
 Concurrent Workers: 1
 Concurrent Refinement Workers: 4
 Periodic GC: Disabled

Heap:
 garbage-first heap   total 360448K, used 111616K [0x0000000081600000, 0x0000000100000000)
  region size 1024K, 6 young (6144K), 6 survivors (6144K)
 Metaspace       used 716K, capacity 4517K, committed 4864K, reserved 1056768K
  class space    used 56K, capacity 391K, committed 512K, reserved 1048576K

Heap Regions: E=young(eden), S=young(survivor), O=old, HS=humongous(starts), HC=humongous(continues), CS=collection set, F=free, OA=open archive, CA=closed archive, TAMS=top-at-mark-start (previous, next)
|   0|0x0000000081600000, 0x0000000081700000, 0x0000000081700000|100%| O|  |TAMS 0x0000000081600000, 0x0000000081700000| Untracked 
|   1|0x0000000081700000, 0x0000000081800000, 0x0000000081800000|100%| O|  |TAMS 0x0000000081700000, 0x0000000081800000| Untracked 
|   2|0x0000000081800000, 0x0000000081900000, 0x0000000081900000|100%| O|  |TAMS 0x0000000081800000, 0x0000000081900000| Untracked 
|   3|0x0000000081900000, 0x0000000081a00000, 0x0000000081a00000|100%| O|  |TAMS 0x0000000081900000, 0x0000000081a00000| Untracked 
|   4|0x0000000081a00000, 0x0000000081b00000, 0x0000000081b00000|100%| O|  |TAMS 0x0000000081a00000, 0x0000000081b00000| Untracked 
|   5|0x0000000081b00000, 0x0000000081c00000, 0x0000000081c00000|100%| O|  |TAMS 0x0000000081b00000, 0x0000000081c00000| Untracked 
|   6|0x0000000081c00000, 0x0000000081d00000, 0x0000000081d00000|100%| O|  |TAMS 0x0000000081c00000, 0x0000000081d00000| Untracked 
|   7|0x0000000081d00000, 0x0000000081e00000, 0x0000000081e00000|100%| O|  |TAMS 0x0000000081d00000, 0x0000000081e00000| Untracked 
|   8|0x0000000081e00000, 0x0000000081f00000, 0x0000000081f00000|100%| O|  |TAMS 0x0000000081e00000, 0x0000000081f00000| Untracked 
|   9|0x0000000081f00000, 0x0000000082000000, 0x0000000082000000|100%|HS|  |TAMS 0x0000000081f00000, 0x0000000082000000| Complete 
|  10|0x0000000082000000, 0x0000000082100000, 0x0000000082100000|100%| O|  |TAMS 0x0000000082000000, 0x0000000082100000| Untracked 
|  11|0x0000000082100000, 0x0000000082200000, 0x0000000082200000|100%| O|  |TAMS 0x0000000082100000, 0x0000000082200000| Untracked 
|  12|0x0000000082200000, 0x0000000082300000, 0x0000000082300000|100%| O|  |TAMS 0x0000000082200000, 0x0000000082300000| Untracked 
|  13|0x0000000082300000, 0x0000000082400000, 0x0000000082400000|100%| O|  |TAMS 0x0000000082300000, 0x0000000082400000| Untracked 
|  14|0x0000000082400000, 0x0000000082500000, 0x0000000082500000|100%| O|  |TAMS 0x0000000082400000, 0x0000000082500000| Untracked 
|  15|0x0000000082500000, 0x0000000082600000, 0x0000000082600000|100%| O|  |TAMS 0x0000000082500000, 0x0000000082600000| Untracked 
|  16|0x0000000082600000, 0x0000000082700000, 0x0000000082700000|100%| O|  |TAMS 0x0000000082600000, 0x0000000082700000| Untracked 
|  17|0x0000000082700000, 0x0000000082800000, 0x0000000082800000|100%| O|  |TAMS 0x0000000082700000, 0x0000000082800000| Untracked 
|  18|0x0000000082800000, 0x0000000082900000, 0x0000000082900000|100%| O|  |TAMS 0x0000000082800000, 0x0000000082900000| Untracked 
|  19|0x0000000082900000, 0x0000000082a00000, 0x0000000082a00000|100%|HS|  |TAMS 0x0000000082900000, 0x0000000082a00000| Complete 
|  20|0x0000000082a00000, 0x0000000082b00000, 0x0000000082b00000|100%| O|  |TAMS 0x0000000082a00000, 0x0000000082b00000| Untracked 
|  21|0x0000000082b00000, 0x0000000082c00000, 0x0000000082c00000|100%| O|  |TAMS 0x0000000082b00000, 0x0000000082c00000| Untracked 
|  22|0x0000000082c00000, 0x0000000082d00000, 0x0000000082d00000|100%| O|  |TAMS 0x0000000082c00000, 0x0000000082d00000| Untracked 
|  23|0x0000000082d00000, 0x0000000082e00000, 0x0000000082e00000|100%| O|  |TAMS 0x0000000082d00000, 0x0000000082e00000| Untracked 
|  24|0x0000000082e00000, 0x0000000082f00000, 0x0000000082f00000|100%| O|  |TAMS 0x0000000082e00000, 0x0000000082f00000| Untracked 
|  25|0x0000000082f00000, 0x0000000083000000, 0x0000000083000000|100%| O|  |TAMS 0x0000000082f00000, 0x0000000083000000| Untracked 
|  26|0x0000000083000000, 0x0000000083100000, 0x0000000083100000|100%| O|  |TAMS 0x0000000083000000, 0x0000000083100000| Untracked 
|  27|0x0000000083100000, 0x0000000083200000, 0x0000000083200000|100%| O|  |TAMS 0x0000000083100000, 0x0000000083200000| Untracked 
|  28|0x0000000083200000, 0x0000000083300000, 0x0000000083300000|100%| O|  |TAMS 0x0000000083200000, 0x0000000083300000| Untracked 
|  29|0x0000000083300000, 0x0000000083400000, 0x0000000083400000|100%| O|  |TAMS 0x0000000083300000, 0x0000000083400000| Untracked 
|  30|0x0000000083400000, 0x0000000083500000, 0x0000000083500000|100%| O|  |TAMS 0x0000000083400000, 0x0000000083500000| Untracked 
|  31|0x0000000083500000, 0x0000000083600000, 0x0000000083600000|100%| O|  |TAMS 0x0000000083500000, 0x0000000083600000| Untracked 
|  32|0x0000000083600000, 0x0000000083700000, 0x0000000083700000|100%| O|  |TAMS 0x0000000083600000, 0x0000000083700000| Untracked 
|  33|0x0000000083700000, 0x0000000083800000, 0x0000000083800000|100%| O|  |TAMS 0x0000000083700000, 0x0000000083800000| Untracked 
|  34|0x0000000083800000, 0x0000000083900000, 0x0000000083900000|100%| O|  |TAMS 0x0000000083800000, 0x0000000083900000| Untracked 
|  35|0x0000000083900000, 0x0000000083a00000, 0x0000000083a00000|100%| O|  |TAMS 0x0000000083900000, 0x0000000083a00000| Untracked 
|  36|0x0000000083a00000, 0x0000000083b00000, 0x0000000083b00000|100%| O|  |TAMS 0x0000000083a00000, 0x0000000083b00000| Untracked 
|  37|0x0000000083b00000, 0x0000000083c00000, 0x0000000083c00000|100%| O|  |TAMS 0x0000000083b00000, 0x0000000083c00000| Untracked 
|  38|0x0000000083c00000, 0x0000000083d00000, 0x0000000083d00000|100%| O|  |TAMS 0x0000000083c00000, 0x0000000083d00000| Untracked 
|  39|0x0000000083d00000, 0x0000000083e00000, 0x0000000083e00000|100%| O|  |TAMS 0x0000000083d00000, 0x0000000083e00000| Untracked 
|  40|0x0000000083e00000, 0x0000000083f00000, 0x0000000083f00000|100%| O|  |TAMS 0x0000000083e00000, 0x0000000083f00000| Untracked 
|  41|0x0000000083f00000, 0x0000000084000000, 0x0000000084000000|100%| O|  |TAMS 0x0000000083f00000, 0x0000000084000000| Untracked 
|  42|0x0000000084000000, 0x0000000084100000, 0x0000000084100000|100%| O|  |TAMS 0x0000000084000000, 0x0000000084100000| Untracked 
|  43|0x0000000084100000, 0x0000000084200000, 0x0000000084200000|100%|HS|  |TAMS 0x0000000084100000, 0x0000000084200000| Complete 
|  44|0x0000000084200000, 0x0000000084300000, 0x0000000084300000|100%|HC|  |TAMS 0x0000000084200000, 0x0000000084300000| Complete 
|  45|0x0000000084300000, 0x0000000084400000, 0x0000000084400000|100%| O|  |TAMS 0x0000000084300000, 0x0000000084400000| Untracked 
|  46|0x0000000084400000, 0x0000000084500000, 0x0000000084500000|100%| O|  |TAMS 0x0000000084400000, 0x0000000084500000| Untracked 
|  47|0x0000000084500000, 0x0000000084600000, 0x0000000084600000|100%| O|  |TAMS 0x0000000084500000, 0x0000000084600000| Untracked 
|  48|0x0000000084600000, 0x0000000084700000, 0x0000000084700000|100%| O|  |TAMS 0x0000000084600000, 0x0000000084700000| Untracked 
|  49|0x0000000084700000, 0x0000000084800000, 0x0000000084800000|100%| O|  |TAMS 0x0000000084700000, 0x0000000084800000| Untracked 
|  50|0x0000000084800000, 0x0000000084900000, 0x0000000084900000|100%| O|  |TAMS 0x0000000084800000, 0x0000000084900000| Untracked 
|  51|0x0000000084900000, 0x0000000084a00000, 0x0000000084a00000|100%| O|  |TAMS 0x0000000084900000, 0x0000000084a00000| Untracked 
|  52|0x0000000084a00000, 0x0000000084b00000, 0x0000000084b00000|100%| O|  |TAMS 0x0000000084a00000, 0x0000000084b00000| Untracked 
|  53|0x0000000084b00000, 0x0000000084c00000, 0x0000000084c00000|100%| O|  |TAMS 0x0000000084b00000, 0x0000000084c00000| Untracked 
|  54|0x0000000084c00000, 0x0000000084d00000, 0x0000000084d00000|100%| O|  |TAMS 0x0000000084c00000, 0x0000000084d00000| Untracked 
|  55|0x0000000084d00000, 0x0000000084e00000, 0x0000000084e00000|100%| O|  |TAMS 0x0000000084d00000, 0x0000000084e00000| Untracked 
|  56|0x0000000084e00000, 0x0000000084f00000, 0x0000000084f00000|100%| O|  |TAMS 0x0000000084e00000, 0x0000000084f00000| Untracked 
|  57|0x0000000084f00000, 0x0000000085000000, 0x0000000085000000|100%| O|  |TAMS 0x0000000084f00000, 0x0000000085000000| Untracked 
|  58|0x0000000085000000, 0x0000000085100000, 0x0000000085100000|100%| O|  |TAMS 0x0000000085000000, 0x0000000085100000| Untracked 
|  59|0x0000000085100000, 0x0000000085200000, 0x0000000085200000|100%| O|  |TAMS 0x0000000085100000, 0x0000000085200000| Untracked 
|  60|0x0000000085200000, 0x0000000085300000, 0x0000000085300000|100%|HS|  |TAMS 0x0000000085200000, 0x0000000085300000| Complete 
|  61|0x0000000085300000, 0x0000000085400000, 0x0000000085400000|100%|HC|  |TAMS 0x0000000085300000, 0x0000000085400000| Complete 
|  62|0x0000000085400000, 0x0000000085500000, 0x0000000085500000|100%|HC|  |TAMS 0x0000000085400000, 0x0000000085500000| Complete 
|  63|0x0000000085500000, 0x0000000085600000, 0x0000000085600000|100%| O|  |TAMS 0x0000000085500000, 0x0000000085600000| Untracked 
|  64|0x0000000085600000, 0x0000000085700000, 0x0000000085700000|100%| O|  |TAMS 0x0000000085600000, 0x0000000085700000| Untracked 
|  65|0x0000000085700000, 0x0000000085800000, 0x0000000085800000|100%| O|  |TAMS 0x0000000085700000, 0x0000000085800000| Untracked 
|  66|0x0000000085800000, 0x0000000085900000, 0x0000000085900000|100%| O|  |TAMS 0x0000000085800000, 0x0000000085900000| Untracked 
|  67|0x0000000085900000, 0x0000000085a00000, 0x0000000085a00000|100%| O|  |TAMS 0x0000000085900000, 0x0000000085a00000| Untracked 
|  68|0x0000000085a00000, 0x0000000085b00000, 0x0000000085b00000|100%| O|  |TAMS 0x0000000085a00000, 0x0000000085b00000| Untracked 
|  69|0x0000000085b00000, 0x0000000085c00000, 0x0000000085c00000|100%| O|  |TAMS 0x0000000085b00000, 0x0000000085c00000| Untracked 
|  70|0x0000000085c00000, 0x0000000085d00000, 0x0000000085d00000|100%| O|  |TAMS 0x0000000085c00000, 0x0000000085d00000| Untracked 
|  71|0x0000000085d00000, 0x0000000085e00000, 0x0000000085e00000|100%| O|  |TAMS 0x0000000085d00000, 0x0000000085e00000| Untracked 
|  72|0x0000000085e00000, 0x0000000085f00000, 0x0000000085f00000|100%| O|  |TAMS 0x0000000085e00000, 0x0000000085f00000| Untracked 
|  73|0x0000000085f00000, 0x0000000086000000, 0x0000000086000000|100%| O|  |TAMS 0x0000000085f00000, 0x0000000086000000| Untracked 
|  74|0x0000000086000000, 0x0000000086100000, 0x0000000086100000|100%| O|  |TAMS 0x0000000086000000, 0x0000000086100000| Untracked 
|  75|0x0000000086100000, 0x0000000086200000, 0x0000000086200000|100%| O|  |TAMS 0x0000000086100000, 0x0000000086200000| Untracked 
|  76|0x0000000086200000, 0x0000000086300000, 0x0000000086300000|100%| O|  |TAMS 0x0000000086200000, 0x0000000086300000| Untracked 
|  77|0x0000000086300000, 0x0000000086400000, 0x0000000086400000|100%| O|  |TAMS 0x0000000086300000, 0x0000000086400000| Untracked 
|  78|0x0000000086400000, 0x0000000086500000, 0x0000000086500000|100%| O|  |TAMS 0x0000000086400000, 0x0000000086500000| Untracked 
|  79|0x0000000086500000, 0x0000000086600000, 0x0000000086600000|100%| O|  |TAMS 0x0000000086500000, 0x0000000086600000| Untracked 
|  80|0x0000000086600000, 0x0000000086700000, 0x0000000086700000|100%| O|  |TAMS 0x0000000086600000, 0x0000000086700000| Untracked 
|  81|0x0000000086700000, 0x0000000086800000, 0x0000000086800000|100%| O|  |TAMS 0x0000000086700000, 0x0000000086800000| Untracked 
|  82|0x0000000086800000, 0x0000000086900000, 0x0000000086900000|100%| O|  |TAMS 0x0000000086800000, 0x0000000086900000| Untracked 
|  83|0x0000000086900000, 0x0000000086a00000, 0x0000000086a00000|100%| O|  |TAMS 0x0000000086900000, 0x0000000086a00000| Untracked 
|  84|0x0000000086a00000, 0x0000000086b00000, 0x0000000086b00000|100%| O|  |TAMS 0x0000000086a00000, 0x0000000086b00000| Untracked 
|  85|0x0000000086b00000, 0x0000000086c00000, 0x0000000086c00000|100%| O|  |TAMS 0x0000000086b00000, 0x0000000086c00000| Untracked 
|  86|0x0000000086c00000, 0x0000000086d00000, 0x0000000086d00000|100%| O|  |TAMS 0x0000000086c00000, 0x0000000086d00000| Untracked 
|  87|0x0000000086d00000, 0x0000000086e00000, 0x0000000086e00000|100%| O|  |TAMS 0x0000000086d00000, 0x0000000086e00000| Untracked 
|  88|0x0000000086e00000, 0x0000000086f00000, 0x0000000086f00000|100%| O|  |TAMS 0x0000000086e00000, 0x0000000086f00000| Untracked 
|  89|0x0000000086f00000, 0x0000000087000000, 0x0000000087000000|100%| O|  |TAMS 0x0000000086f00000, 0x0000000087000000| Untracked 
|  90|0x0000000087000000, 0x0000000087100000, 0x0000000087100000|100%| O|  |TAMS 0x0000000087000000, 0x0000000087080000| Untracked 
|  91|0x0000000087100000, 0x0000000087200000, 0x0000000087200000|100%| O|  |TAMS 0x0000000087100000, 0x0000000087100000| Untracked 
|  92|0x0000000087200000, 0x0000000087300000, 0x0000000087300000|100%| O|  |TAMS 0x0000000087200000, 0x0000000087200000| Untracked 
|  93|0x0000000087300000, 0x0000000087400000, 0x0000000087400000|100%| O|  |TAMS 0x0000000087300000, 0x0000000087300000| Untracked 
|  94|0x0000000087400000, 0x0000000087500000, 0x0000000087500000|100%| O|  |TAMS 0x0000000087400000, 0x0000000087400000| Untracked 
|  95|0x0000000087500000, 0x0000000087600000, 0x0000000087600000|100%| O|  |TAMS 0x0000000087500000, 0x0000000087500000| Untracked 
|  96|0x0000000087600000, 0x0000000087700000, 0x0000000087700000|100%| O|  |TAMS 0x0000000087600000, 0x0000000087600000| Untracked 
|  97|0x0000000087700000, 0x0000000087800000, 0x0000000087800000|100%| O|  |TAMS 0x0000000087700000, 0x0000000087700000| Untracked 
|  98|0x0000000087800000, 0x0000000087900000, 0x0000000087900000|100%| O|  |TAMS 0x0000000087800000, 0x0000000087800000| Untracked 
|  99|0x0000000087900000, 0x0000000087a00000, 0x0000000087a00000|100%| O|  |TAMS 0x0000000087900000, 0x0000000087900000| Untracked 
| 100|0x0000000087a00000, 0x0000000087b00000, 0x0000000087b00000|100%| O|  |TAMS 0x0000000087a00000, 0x0000000087a00000| Untracked 
| 101|0x0000000087b00000, 0x0000000087c00000, 0x0000000087c00000|100%| O|  |TAMS 0x0000000087b00000, 0x0000000087b00000| Untracked 
| 102|0x0000000087c00000, 0x0000000087d00000, 0x0000000087d00000|100%| O|  |TAMS 0x0000000087c00000, 0x0000000087c00000| Untracked 
| 103|0x0000000087d00000, 0x0000000087d00000, 0x0000000087e00000|  0%| F|  |TAMS 0x0000000087d00000, 0x0000000087d00000| Untracked 
| 104|0x0000000087e00000, 0x0000000087e00000, 0x0000000087f00000|  0%| F|  |TAMS 0x0000000087e00000, 0x0000000087e00000| Untracked 
| 105|0x0000000087f00000, 0x0000000087f00000, 0x0000000088000000|  0%| F|  |TAMS 0x0000000087f00000, 0x0000000087f00000| Untracked 
| 106|0x0000000088000000, 0x0000000088000000, 0x0000000088100000|  0%| F|  |TAMS 0x0000000088000000, 0x0000000088000000| Untracked 
| 107|0x0000000088100000, 0x0000000088100000, 0x0000000088200000|  0%| F|  |TAMS 0x0000000088100000, 0x0000000088100000| Untracked 
| 108|0x0000000088200000, 0x0000000088200000, 0x0000000088300000|  0%| F|  |TAMS 0x0000000088200000, 0x0000000088200000| Untracked 
| 109|0x0000000088300000, 0x0000000088300000, 0x0000000088400000|  0%| F|  |TAMS 0x0000000088300000, 0x0000000088300000| Untracked 
| 110|0x0000000088400000, 0x0000000088400000, 0x0000000088500000|  0%| F|  |TAMS 0x0000000088400000, 0x0000000088400000| Untracked 
| 111|0x0000000088500000, 0x0000000088500000, 0x0000000088600000|  0%| F|  |TAMS 0x0000000088500000, 0x0000000088500000| Untracked 
| 112|0x0000000088600000, 0x0000000088600000, 0x0000000088700000|  0%| F|  |TAMS 0x0000000088600000, 0x0000000088600000| Untracked 
| 113|0x0000000088700000, 0x0000000088700000, 0x0000000088800000|  0%| F|  |TAMS 0x0000000088700000, 0x0000000088700000| Untracked 
| 114|0x0000000088800000, 0x0000000088800000, 0x0000000088900000|  0%| F|  |TAMS 0x0000000088800000, 0x0000000088800000| Untracked 
| 115|0x0000000088900000, 0x0000000088900000, 0x0000000088a00000|  0%| F|  |TAMS 0x0000000088900000, 0x0000000088900000| Untracked 
| 116|0x0000000088a00000, 0x0000000088a00000, 0x0000000088b00000|  0%| F|  |TAMS 0x0000000088a00000, 0x0000000088a00000| Untracked 
| 117|0x0000000088b00000, 0x0000000088b00000, 0x0000000088c00000|  0%| F|  |TAMS 0x0000000088b00000, 0x0000000088b00000| Untracked 
| 118|0x0000000088c00000, 0x0000000088c00000, 0x0000000088d00000|  0%| F|  |TAMS 0x0000000088c00000, 0x0000000088c00000| Untracked 
| 119|0x0000000088d00000, 0x0000000088d00000, 0x0000000088e00000|  0%| F|  |TAMS 0x0000000088d00000, 0x0000000088d00000| Untracked 
| 120|0x0000000088e00000, 0x0000000088e00000, 0x0000000088f00000|  0%| F|  |TAMS 0x0000000088e00000, 0x0000000088e00000| Untracked 
| 121|0x0000000088f00000, 0x0000000088f00000, 0x0000000089000000|  0%| F|  |TAMS 0x0000000088f00000, 0x0000000088f00000| Untracked 
| 122|0x0000000089000000, 0x0000000089000000, 0x0000000089100000|  0%| F|  |TAMS 0x0000000089000000, 0x0000000089000000| Untracked 
| 123|0x0000000089100000, 0x0000000089100000, 0x0000000089200000|  0%| F|  |TAMS 0x0000000089100000, 0x0000000089100000| Untracked 
| 124|0x0000000089200000, 0x0000000089200000, 0x0000000089300000|  0%| F|  |TAMS 0x0000000089200000, 0x0000000089200000| Untracked 
| 125|0x0000000089300000, 0x0000000089300000, 0x0000000089400000|  0%| F|  |TAMS 0x0000000089300000, 0x0000000089300000| Untracked 
| 126|0x0000000089400000, 0x0000000089400000, 0x0000000089500000|  0%| F|  |TAMS 0x0000000089400000, 0x0000000089400000| Untracked 
| 127|0x0000000089500000, 0x0000000089500000, 0x0000000089600000|  0%| F|  |TAMS 0x0000000089500000, 0x0000000089500000| Untracked 
| 128|0x0000000089600000, 0x0000000089600000, 0x0000000089700000|  0%| F|  |TAMS 0x0000000089600000, 0x0000000089600000| Untracked 
| 129|0x0000000089700000, 0x0000000089700000, 0x0000000089800000|  0%| F|  |TAMS 0x0000000089700000, 0x0000000089700000| Untracked 
| 130|0x0000000089800000, 0x0000000089800000, 0x0000000089900000|  0%| F|  |TAMS 0x0000000089800000, 0x0000000089800000| Untracked 
| 131|0x0000000089900000, 0x0000000089900000, 0x0000000089a00000|  0%| F|  |TAMS 0x0000000089900000, 0x0000000089900000| Untracked 
| 132|0x0000000089a00000, 0x0000000089a00000, 0x0000000089b00000|  0%| F|  |TAMS 0x0000000089a00000, 0x0000000089a00000| Untracked 
| 133|0x0000000089b00000, 0x0000000089b00000, 0x0000000089c00000|  0%| F|  |TAMS 0x0000000089b00000, 0x0000000089b00000| Untracked 
| 134|0x0000000089c00000, 0x0000000089d00000, 0x0000000089d00000|100%| S|CS|TAMS 0x0000000089c00000, 0x0000000089c00000| Complete 
| 135|0x0000000089d00000, 0x0000000089e00000, 0x0000000089e00000|100%| S|CS|TAMS 0x0000000089d00000, 0x0000000089d00000| Complete 
| 136|0x0000000089e00000, 0x0000000089f00000, 0x0000000089f00000|100%| S|CS|TAMS 0x0000000089e00000, 0x0000000089e00000| Complete 
| 137|0x0000000089f00000, 0x000000008a000000, 0x000000008a000000|100%| S|CS|TAMS 0x0000000089f00000, 0x0000000089f00000| Complete 
| 138|0x000000008a000000, 0x000000008a100000, 0x000000008a100000|100%| S|CS|TAMS 0x000000008a000000, 0x000000008a000000| Complete 
| 139|0x000000008a100000, 0x000000008a200000, 0x000000008a200000|100%| S|CS|TAMS 0x000000008a100000, 0x000000008a100000| Complete 
| 140|0x000000008a200000, 0x000000008a200000, 0x000000008a300000|  0%| F|  |TAMS 0x000000008a200000, 0x000000008a200000| Untracked 
| 141|0x000000008a300000, 0x000000008a300000, 0x000000008a400000|  0%| F|  |TAMS 0x000000008a300000, 0x000000008a300000| Untracked 
| 142|0x000000008a400000, 0x000000008a400000, 0x000000008a500000|  0%| F|  |TAMS 0x000000008a400000, 0x000000008a400000| Untracked 
| 143|0x000000008a500000, 0x000000008a500000, 0x000000008a600000|  0%| F|  |TAMS 0x000000008a500000, 0x000000008a500000| Untracked 
| 144|0x000000008a600000, 0x000000008a600000, 0x000000008a700000|  0%| F|  |TAMS 0x000000008a600000, 0x000000008a600000| Untracked 
| 145|0x000000008a700000, 0x000000008a700000, 0x000000008a800000|  0%| F|  |TAMS 0x000000008a700000, 0x000000008a700000| Untracked 
| 146|0x000000008a800000, 0x000000008a800000, 0x000000008a900000|  0%| F|  |TAMS 0x000000008a800000, 0x000000008a800000| Untracked 
| 147|0x000000008a900000, 0x000000008a900000, 0x000000008aa00000|  0%| F|  |TAMS 0x000000008a900000, 0x000000008a900000| Untracked 
| 148|0x000000008aa00000, 0x000000008aa00000, 0x000000008ab00000|  0%| F|  |TAMS 0x000000008aa00000, 0x000000008aa00000| Untracked 
| 149|0x000000008ab00000, 0x000000008ab00000, 0x000000008ac00000|  0%| F|  |TAMS 0x000000008ab00000, 0x000000008ab00000| Untracked 
| 150|0x000000008ac00000, 0x000000008ac00000, 0x000000008ad00000|  0%| F|  |TAMS 0x000000008ac00000, 0x000000008ac00000| Untracked 
| 151|0x000000008ad00000, 0x000000008ad00000, 0x000000008ae00000|  0%| F|  |TAMS 0x000000008ad00000, 0x000000008ad00000| Untracked 
| 152|0x000000008ae00000, 0x000000008ae00000, 0x000000008af00000|  0%| F|  |TAMS 0x000000008ae00000, 0x000000008ae00000| Untracked 
| 153|0x000000008af00000, 0x000000008af00000, 0x000000008b000000|  0%| F|  |TAMS 0x000000008af00000, 0x000000008af00000| Untracked 
| 154|0x000000008b000000, 0x000000008b000000, 0x000000008b100000|  0%| F|  |TAMS 0x000000008b000000, 0x000000008b000000| Untracked 
| 155|0x000000008b100000, 0x000000008b100000, 0x000000008b200000|  0%| F|  |TAMS 0x000000008b100000, 0x000000008b100000| Untracked 
| 156|0x000000008b200000, 0x000000008b200000, 0x000000008b300000|  0%| F|  |TAMS 0x000000008b200000, 0x000000008b200000| Untracked 
| 157|0x000000008b300000, 0x000000008b300000, 0x000000008b400000|  0%| F|  |TAMS 0x000000008b300000, 0x000000008b300000| Untracked 
| 158|0x000000008b400000, 0x000000008b400000, 0x000000008b500000|  0%| F|  |TAMS 0x000000008b400000, 0x000000008b400000| Untracked 
| 159|0x000000008b500000, 0x000000008b500000, 0x000000008b600000|  0%| F|  |TAMS 0x000000008b500000, 0x000000008b500000| Untracked 
| 160|0x000000008b600000, 0x000000008b600000, 0x000000008b700000|  0%| F|  |TAMS 0x000000008b600000, 0x000000008b600000| Untracked 
| 161|0x000000008b700000, 0x000000008b700000, 0x000000008b800000|  0%| F|  |TAMS 0x000000008b700000, 0x000000008b700000| Untracked 
| 162|0x000000008b800000, 0x000000008b800000, 0x000000008b900000|  0%| F|  |TAMS 0x000000008b800000, 0x000000008b800000| Untracked 
| 163|0x000000008b900000, 0x000000008b900000, 0x000000008ba00000|  0%| F|  |TAMS 0x000000008b900000, 0x000000008b900000| Untracked 
| 164|0x000000008ba00000, 0x000000008ba00000, 0x000000008bb00000|  0%| F|  |TAMS 0x000000008ba00000, 0x000000008ba00000| Untracked 
| 165|0x000000008bb00000, 0x000000008bb00000, 0x000000008bc00000|  0%| F|  |TAMS 0x000000008bb00000, 0x000000008bb00000| Untracked 
| 166|0x000000008bc00000, 0x000000008bc00000, 0x000000008bd00000|  0%| F|  |TAMS 0x000000008bc00000, 0x000000008bc00000| Untracked 
| 167|0x000000008bd00000, 0x000000008bd00000, 0x000000008be00000|  0%| F|  |TAMS 0x000000008bd00000, 0x000000008bd00000| Untracked 
| 168|0x000000008be00000, 0x000000008be00000, 0x000000008bf00000|  0%| F|  |TAMS 0x000000008be00000, 0x000000008be00000| Untracked 
| 169|0x000000008bf00000, 0x000000008bf00000, 0x000000008c000000|  0%| F|  |TAMS 0x000000008bf00000, 0x000000008bf00000| Untracked 
| 170|0x000000008c000000, 0x000000008c000000, 0x000000008c100000|  0%| F|  |TAMS 0x000000008c000000, 0x000000008c000000| Untracked 
| 171|0x000000008c100000, 0x000000008c100000, 0x000000008c200000|  0%| F|  |TAMS 0x000000008c100000, 0x000000008c100000| Untracked 
| 172|0x000000008c200000, 0x000000008c200000, 0x000000008c300000|  0%| F|  |TAMS 0x000000008c200000, 0x000000008c200000| Untracked 
| 173|0x000000008c300000, 0x000000008c300000, 0x000000008c400000|  0%| F|  |TAMS 0x000000008c300000, 0x000000008c300000| Untracked 
| 174|0x000000008c400000, 0x000000008c400000, 0x000000008c500000|  0%| F|  |TAMS 0x000000008c400000, 0x000000008c400000| Untracked 
| 175|0x000000008c500000, 0x000000008c500000, 0x000000008c600000|  0%| F|  |TAMS 0x000000008c500000, 0x000000008c500000| Untracked 

Card table byte_map: [0x000001337ab00000,0x000001337af00000] _byte_map_base: 0x000001337a6f5000

Marking Bits (Prev, Next): (CMBitMap*) 0x000001337a67fa30, (CMBitMap*) 0x000001337a67fa70
 Prev Bits: [0x000001337b300000, 0x000001337d2a8000)
 Next Bits: [0x000001337d2b0000, 0x000001337f258000)

Polling page: 0x00000133784b0000

Metaspace:

Usage:
  Non-class:      4.03 MB capacity,   660.48 KB ( 16%) used,     3.38 MB ( 84%) free+waste,   640 bytes ( <1%) overhead. 
      Class:    391.00 KB capacity,    56.40 KB ( 14%) used,   334.29 KB ( 85%) free+waste,   320 bytes ( <1%) overhead. 
       Both:      4.41 MB capacity,   716.88 KB ( 16%) used,     3.71 MB ( 84%) free+waste,   960 bytes ( <1%) overhead. 

Virtual space:
  Non-class space:        8.00 MB reserved,       4.25 MB ( 53%) committed 
      Class space:        1.00 GB reserved,     512.00 KB ( <1%) committed 
             Both:        1.01 GB reserved,       4.75 MB ( <1%) committed 

Chunk freelists:
   Non-Class:  2.00 KB
       Class:  1.00 KB
        Both:  3.00 KB

MaxMetaspaceSize: 17179869184.00 GB
CompressedClassSpaceSize: 1.00 GB

CodeHeap 'non-profiled nmethods': size=120000Kb used=171Kb max_used=171Kb free=119828Kb
 bounds [0x000001330fc30000, 0x000001330fea0000, 0x0000013317160000]
CodeHeap 'profiled nmethods': size=120000Kb used=466Kb max_used=466Kb free=119533Kb
 bounds [0x0000013308700000, 0x0000013308970000, 0x000001330fc30000]
CodeHeap 'non-nmethods': size=5760Kb used=1105Kb max_used=1140Kb free=4654Kb
 bounds [0x0000013308160000, 0x00000133083d0000, 0x0000013308700000]
 total_blobs=653 nmethods=309 adapters=257
 compilation: enabled
              stopped_count=0, restarted_count=0
 full_count=0

Compilation events (20 events):
Event: 2.549 Thread 0x000001337f75f570  300       4       java.nio.CharBuffer::position (6 bytes)
Event: 2.550 Thread 0x000001337f75f570 nmethod 300 0x000001330fc56610 code [0x000001330fc56780, 0x000001330fc56858]
Event: 2.621 Thread 0x0000013319488670  301       4       java.nio.ByteBuffer::array (35 bytes)
Event: 2.622 Thread 0x0000013319488670 nmethod 301 0x000001330fc56990 code [0x000001330fc56b00, 0x000001330fc56b98]
Event: 2.680 Thread 0x000001337f75f570  302       4       java.lang.AbstractStringBuilder::ensureCapacityInternal (39 bytes)
Event: 2.686 Thread 0x000001337f75f570 nmethod 302 0x000001330fc56c90 code [0x000001330fc56e20, 0x000001330fc57268]
Event: 2.711 Thread 0x000001337f75f570  303       4       java.nio.CharBuffer::arrayOffset (35 bytes)
Event: 2.712 Thread 0x000001337f75f570 nmethod 303 0x000001330fc57410 code [0x000001330fc57580, 0x000001330fc57618]
Event: 2.747 Thread 0x0000013319488670  304       4       java.nio.CharBuffer::array (35 bytes)
Event: 2.748 Thread 0x0000013319488670 nmethod 304 0x000001330fc57710 code [0x000001330fc57880, 0x000001330fc57918]
Event: 2.754 Thread 0x000001337f75f570  305       4       java.lang.StringBuilder::append (10 bytes)
Event: 2.760 Thread 0x0000013319488670  306       4       java.nio.Buffer::limit (65 bytes)
Event: 2.761 Thread 0x0000013319488670 nmethod 306 0x000001330fc57a10 code [0x000001330fc57ba0, 0x000001330fc57c98]
Event: 2.766 Thread 0x0000013319488670  307       4       java.nio.ByteBuffer::position (6 bytes)
Event: 2.768 Thread 0x0000013319488670 nmethod 307 0x000001330fc57d90 code [0x000001330fc57f20, 0x000001330fc58018]
Event: 2.768 Thread 0x0000013319488670  308   !   4       java.nio.charset.CharsetDecoder::decode (287 bytes)
Event: 2.771 Thread 0x000001337f75f570 nmethod 305 0x000001330fc58110 code [0x000001330fc582c0, 0x000001330fc58b68]
Event: 2.771 Thread 0x000001337f75f570  309       4       sun.nio.cs.SingleByte$Decoder::decodeLoop (28 bytes)
Event: 2.787 Thread 0x0000013319488670 nmethod 308 0x000001330fc59010 code [0x000001330fc591c0, 0x000001330fc59998]
Event: 2.787 Thread 0x000001337f75f570 nmethod 309 0x000001330fc5a110 code [0x000001330fc5a2c0, 0x000001330fc5a938]

GC Heap History (19 events):
Event: 2.093 GC heap before
{Heap before GC invocations=0 (full 0):
 garbage-first heap   total 131072K, used 13312K [0x0000000081600000, 0x0000000100000000)
  region size 1024K, 13 young (13312K), 0 survivors (0K)
 Metaspace       used 680K, capacity 4517K, committed 4864K, reserved 1056768K
  class space    used 56K, capacity 391K, committed 512K, reserved 1048576K
}
Event: 2.101 GC heap after
{Heap after GC invocations=1 (full 0):
 garbage-first heap   total 131072K, used 3552K [0x0000000081600000, 0x0000000100000000)
  region size 1024K, 2 young (2048K), 2 survivors (2048K)
 Metaspace       used 680K, capacity 4517K, committed 4864K, reserved 1056768K
  class space    used 56K, capacity 391K, committed 512K, reserved 1048576K
}
Event: 2.161 GC heap before
{Heap before GC invocations=1 (full 0):
 garbage-first heap   total 131072K, used 15840K [0x0000000081600000, 0x0000000100000000)
  region size 1024K, 14 young (14336K), 2 survivors (2048K)
 Metaspace       used 693K, capacity 4517K, committed 4864K, reserved 1056768K
  class space    used 56K, capacity 391K, committed 512K, reserved 1048576K
}
Event: 2.172 GC heap after
{Heap after GC invocations=2 (full 0):
 garbage-first heap   total 131072K, used 6836K [0x0000000081600000, 0x0000000100000000)
  region size 1024K, 2 young (2048K), 2 survivors (2048K)
 Metaspace       used 693K, capacity 4517K, committed 4864K, reserved 1056768K
  class space    used 56K, capacity 391K, committed 512K, reserved 1048576K
}
Event: 2.218 GC heap before
{Heap before GC invocations=2 (full 0):
 garbage-first heap   total 131072K, used 26292K [0x0000000081600000, 0x0000000100000000)
  region size 1024K, 21 young (21504K), 2 survivors (2048K)
 Metaspace       used 704K, capacity 4517K, committed 4864K, reserved 1056768K
  class space    used 56K, capacity 391K, committed 512K, reserved 1048576K
}
Event: 2.229 GC heap after
{Heap after GC invocations=3 (full 0):
 garbage-first heap   total 131072K, used 12288K [0x0000000081600000, 0x0000000100000000)
  region size 1024K, 3 young (3072K), 3 survivors (3072K)
 Metaspace       used 704K, capacity 4517K, committed 4864K, reserved 1056768K
  class space    used 56K, capacity 391K, committed 512K, reserved 1048576K
}
Event: 2.284 GC heap before
{Heap before GC invocations=3 (full 0):
 garbage-first heap   total 131072K, used 51200K [0x0000000081600000, 0x0000000100000000)
  region size 1024K, 40 young (40960K), 3 survivors (3072K)
 Metaspace       used 716K, capacity 4517K, committed 4864K, reserved 1056768K
  class space    used 56K, capacity 391K, committed 512K, reserved 1048576K
}
Event: 2.306 GC heap after
{Heap after GC invocations=4 (full 0):
 garbage-first heap   total 131072K, used 23811K [0x0000000081600000, 0x0000000100000000)
  region size 1024K, 5 young (5120K), 5 survivors (5120K)
 Metaspace       used 716K, capacity 4517K, committed 4864K, reserved 1056768K
  class space    used 56K, capacity 391K, committed 512K, reserved 1048576K
}
Event: 2.369 GC heap before
{Heap before GC invocations=4 (full 0):
 garbage-first heap   total 131072K, used 69891K [0x0000000081600000, 0x0000000100000000)
  region size 1024K, 49 young (50176K), 5 survivors (5120K)
 Metaspace       used 716K, capacity 4517K, committed 4864K, reserved 1056768K
  class space    used 56K, capacity 391K, committed 512K, reserved 1048576K
}
Event: 2.398 GC heap after
{Heap after GC invocations=5 (full 0):
 garbage-first heap   total 131072K, used 37791K [0x0000000081600000, 0x0000000100000000)
  region size 1024K, 7 young (7168K), 7 survivors (7168K)
 Metaspace       used 716K, capacity 4517K, committed 4864K, reserved 1056768K
  class space    used 56K, capacity 391K, committed 512K, reserved 1048576K
}
Event: 2.439 GC heap before
{Heap before GC invocations=5 (full 0):
 garbage-first heap   total 131072K, used 78751K [0x0000000081600000, 0x0000000100000000)
  region size 1024K, 47 young (48128K), 7 survivors (7168K)
 Metaspace       used 716K, capacity 4517K, committed 4864K, reserved 1056768K
  class space    used 56K, capacity 391K, committed 512K, reserved 1048576K
}
Event: 2.468 GC heap after
{Heap after GC invocations=6 (full 0):
 garbage-first heap   total 180224K, used 49664K [0x0000000081600000, 0x0000000100000000)
  region size 1024K, 6 young (6144K), 6 survivors (6144K)
 Metaspace       used 716K, capacity 4517K, committed 4864K, reserved 1056768K
  class space    used 56K, capacity 391K, committed 512K, reserved 1048576K
}
Event: 2.558 GC heap before
{Heap before GC invocations=6 (full 0):
 garbage-first heap   total 180224K, used 110080K [0x0000000081600000, 0x0000000100000000)
  region size 1024K, 63 young (64512K), 6 survivors (6144K)
 Metaspace       used 716K, capacity 4517K, committed 4864K, reserved 1056768K
  class space    used 56K, capacity 391K, committed 512K, reserved 1048576K
}
Event: 2.587 GC heap after
{Heap after GC invocations=7 (full 0):
 garbage-first heap   total 180224K, used 69120K [0x0000000081600000, 0x0000000100000000)
  region size 1024K, 8 young (8192K), 8 survivors (8192K)
 Metaspace       used 716K, capacity 4517K, committed 4864K, reserved 1056768K
  class space    used 56K, capacity 391K, committed 512K, reserved 1048576K
}
Event: 2.640 GC heap before
{Heap before GC invocations=7 (full 0):
 garbage-first heap   total 180224K, used 122368K [0x0000000081600000, 0x0000000100000000)
  region size 1024K, 57 young (58368K), 8 survivors (8192K)
 Metaspace       used 716K, capacity 4517K, committed 4864K, reserved 1056768K
  class space    used 56K, capacity 391K, committed 512K, reserved 1048576K
}
Event: 2.673 GC heap after
{Heap after GC invocations=8 (full 0):
 garbage-first heap   total 180224K, used 87040K [0x0000000081600000, 0x0000000100000000)
  region size 1024K, 8 young (8192K), 8 survivors (8192K)
 Metaspace       used 716K, capacity 4517K, committed 4864K, reserved 1056768K
  class space    used 56K, capacity 391K, committed 512K, reserved 1048576K
}
Event: 2.720 GC heap before
{Heap before GC invocations=8 (full 0):
 garbage-first heap   total 180224K, used 131072K [0x0000000081600000, 0x0000000100000000)
  region size 1024K, 51 young (52224K), 8 survivors (8192K)
 Metaspace       used 716K, capacity 4517K, committed 4864K, reserved 1056768K
  class space    used 56K, capacity 391K, committed 512K, reserved 1048576K
}
Event: 2.744 GC heap after
{Heap after GC invocations=9 (full 0):
 garbage-first heap   total 180224K, used 99840K [0x0000000081600000, 0x0000000100000000)
  region size 1024K, 7 young (7168K), 7 survivors (7168K)
 Metaspace       used 716K, capacity 4517K, committed 4864K, reserved 1056768K
  class space    used 56K, capacity 391K, committed 512K, reserved 1048576K
}
Event: 2.799 GC heap before
{Heap before GC invocations=9 (full 0):
 garbage-first heap   total 180224K, used 136704K [0x0000000081600000, 0x0000000100000000)
  region size 1024K, 43 young (44032K), 7 survivors (7168K)
 Metaspace       used 716K, capacity 4517K, committed 4864K, reserved 1056768K
  class space    used 56K, capacity 391K, committed 512K, reserved 1048576K
}

Deoptimization events (20 events):
Event: 2.256 Thread 0x000001337a640f30 DEOPT PACKING pc=0x000001330876c1ec sp=0x0000000b47fff1e0
Event: 2.256 Thread 0x000001337a640f30 DEOPT UNPACKING pc=0x00000133081ae23f sp=0x0000000b47ffe740 mode 0
Event: 2.266 Thread 0x000001337a640f30 DEOPT PACKING pc=0x000001330876c1ec sp=0x0000000b47fff1e0
Event: 2.266 Thread 0x000001337a640f30 DEOPT UNPACKING pc=0x00000133081ae23f sp=0x0000000b47ffe740 mode 0
Event: 2.276 Thread 0x000001337a640f30 DEOPT PACKING pc=0x000001330876c1ec sp=0x0000000b47fff1e0
Event: 2.276 Thread 0x000001337a640f30 DEOPT UNPACKING pc=0x00000133081ae23f sp=0x0000000b47ffe740 mode 0
Event: 2.307 Thread 0x000001337a640f30 DEOPT PACKING pc=0x000001330876c1ec sp=0x0000000b47fff1e0
Event: 2.307 Thread 0x000001337a640f30 DEOPT UNPACKING pc=0x00000133081ae23f sp=0x0000000b47ffe740 mode 0
Event: 2.319 Thread 0x000001337a640f30 DEOPT PACKING pc=0x000001330876c1ec sp=0x0000000b47fff1e0
Event: 2.319 Thread 0x000001337a640f30 DEOPT UNPACKING pc=0x00000133081ae23f sp=0x0000000b47ffe740 mode 0
Event: 2.327 Thread 0x000001337a640f30 DEOPT PACKING pc=0x000001330876c1ec sp=0x0000000b47fff1e0
Event: 2.328 Thread 0x000001337a640f30 DEOPT UNPACKING pc=0x00000133081ae23f sp=0x0000000b47ffe740 mode 0
Event: 2.335 Thread 0x000001337a640f30 DEOPT PACKING pc=0x000001330876c1ec sp=0x0000000b47fff1e0
Event: 2.335 Thread 0x000001337a640f30 DEOPT UNPACKING pc=0x00000133081ae23f sp=0x0000000b47ffe740 mode 0
Event: 2.342 Thread 0x000001337a640f30 DEOPT PACKING pc=0x000001330876c1ec sp=0x0000000b47fff1e0
Event: 2.342 Thread 0x000001337a640f30 DEOPT UNPACKING pc=0x00000133081ae23f sp=0x0000000b47ffe740 mode 0
Event: 2.349 Thread 0x000001337a640f30 DEOPT PACKING pc=0x000001330876c1ec sp=0x0000000b47fff1e0
Event: 2.349 Thread 0x000001337a640f30 DEOPT UNPACKING pc=0x00000133081ae23f sp=0x0000000b47ffe740 mode 0
Event: 2.356 Thread 0x000001337a640f30 DEOPT PACKING pc=0x000001330876c1ec sp=0x0000000b47fff1e0
Event: 2.356 Thread 0x000001337a640f30 DEOPT UNPACKING pc=0x00000133081ae23f sp=0x0000000b47ffe740 mode 0

Classes unloaded (0 events):
No events

Classes redefined (0 events):
No events

Internal exceptions (0 events):
No events

Events (20 events):
Event: 2.016 loading class jdk/internal/math/FloatingDecimal$ASCIIToBinaryBuffer done
Event: 2.093 Executing VM operation: G1CollectForAllocation
Event: 2.101 Executing VM operation: G1CollectForAllocation done
Event: 2.161 Executing VM operation: G1CollectForAllocation
Event: 2.172 Executing VM operation: G1CollectForAllocation done
Event: 2.218 Executing VM operation: G1CollectForAllocation
Event: 2.229 Executing VM operation: G1CollectForAllocation done
Event: 2.284 Executing VM operation: G1CollectForAllocation
Event: 2.306 Executing VM operation: G1CollectForAllocation done
Event: 2.368 Executing VM operation: G1CollectForAllocation
Event: 2.398 Executing VM operation: G1CollectForAllocation done
Event: 2.438 Executing VM operation: G1CollectForAllocation
Event: 2.468 Executing VM operation: G1CollectForAllocation done
Event: 2.557 Executing VM operation: G1CollectForAllocation
Event: 2.587 Executing VM operation: G1CollectForAllocation done
Event: 2.640 Executing VM operation: G1CollectForAllocation
Event: 2.673 Executing VM operation: G1CollectForAllocation done
Event: 2.720 Executing VM operation: G1CollectForAllocation
Event: 2.744 Executing VM operation: G1CollectForAllocation done
Event: 2.799 Executing VM operation: G1CollectForAllocation


Dynamic libraries:
0x00007ff721bd0000 - 0x00007ff721bdf000 	C:\Program Files\Java\jdk-15\bin\javaw.exe
0x00007ffe21420000 - 0x00007ffe21610000 	C:\windows\SYSTEM32\ntdll.dll
0x00007ffe20a90000 - 0x00007ffe20b42000 	C:\windows\System32\KERNEL32.DLL
0x00007ffe1e5b0000 - 0x00007ffe1e855000 	C:\windows\System32\KERNELBASE.dll
0x00007ffe1b1e0000 - 0x00007ffe1b26f000 	C:\windows\SYSTEM32\apphelp.dll
0x00007ffe1f3a0000 - 0x00007ffe1f49a000 	C:\windows\System32\ucrtbase.dll
0x00007ffe19be0000 - 0x00007ffe19bf9000 	C:\Program Files\Java\jdk-15\bin\VCRUNTIME140.dll
0x00007ffe04190000 - 0x00007ffe041a8000 	C:\Program Files\Java\jdk-15\bin\jli.dll
0x00007ffe1fb20000 - 0x00007ffe1fbc3000 	C:\windows\System32\ADVAPI32.dll
0x00007ffe20c20000 - 0x00007ffe20cbe000 	C:\windows\System32\msvcrt.dll
0x00007ffe20dc0000 - 0x00007ffe20e57000 	C:\windows\System32\sechost.dll
0x00007ffe20f10000 - 0x00007ffe2102f000 	C:\windows\System32\RPCRT4.dll
0x00007ffe1f7e0000 - 0x00007ffe1f974000 	C:\windows\System32\USER32.dll
0x00007ffe1f040000 - 0x00007ffe1f061000 	C:\windows\System32\win32u.dll
0x00007ffe1fa20000 - 0x00007ffe1fa46000 	C:\windows\System32\GDI32.dll
0x00007ffe1e410000 - 0x00007ffe1e5a8000 	C:\windows\System32\gdi32full.dll
0x00007ffe1f0f0000 - 0x00007ffe1f18e000 	C:\windows\System32\msvcp_win.dll
0x00007ffe1d730000 - 0x00007ffe1d9b4000 	C:\windows\WinSxS\amd64_microsoft.windows.common-controls_6595b64144ccf1df_6.0.18362.1556_none_9e7e372fe45e41d5\COMCTL32.dll
0x00007ffe1f4a0000 - 0x00007ffe1f7d6000 	C:\windows\System32\combase.dll
0x00007ffe1e380000 - 0x00007ffe1e401000 	C:\windows\System32\bcryptPrimitives.dll
0x00007ffe16730000 - 0x00007ffe1673a000 	C:\windows\SYSTEM32\VERSION.dll
0x00007ffe20d90000 - 0x00007ffe20dbe000 	C:\windows\System32\IMM32.DLL
0x00007ffe19c80000 - 0x00007ffe19c8c000 	C:\Program Files\Java\jdk-15\bin\vcruntime140_1.dll
0x00007ffde4cd0000 - 0x00007ffde4d61000 	C:\Program Files\Java\jdk-15\bin\msvcp140.dll
0x00007ffdc3290000 - 0x00007ffdc3dec000 	C:\Program Files\Java\jdk-15\bin\server\jvm.dll
0x00007ffe21260000 - 0x00007ffe21268000 	C:\windows\System32\PSAPI.DLL
0x00007ffe02350000 - 0x00007ffe02359000 	C:\windows\SYSTEM32\WSOCK32.dll
0x00007ffe20b50000 - 0x00007ffe20bbf000 	C:\windows\System32\WS2_32.dll
0x00007ffe0df90000 - 0x00007ffe0dfb4000 	C:\windows\SYSTEM32\WINMM.dll
0x00007ffe0df60000 - 0x00007ffe0df8d000 	C:\windows\SYSTEM32\winmmbase.dll
0x00007ffe1f070000 - 0x00007ffe1f0ba000 	C:\windows\System32\cfgmgr32.dll
0x00007ffe1e320000 - 0x00007ffe1e331000 	C:\windows\System32\kernel.appcore.dll
0x00007ffe17590000 - 0x00007ffe1759a000 	C:\Program Files\Java\jdk-15\bin\jimage.dll
0x00007ffe1dc90000 - 0x00007ffe1de84000 	C:\windows\SYSTEM32\DBGHELP.DLL
0x00007ffe1dc60000 - 0x00007ffe1dc8a000 	C:\windows\SYSTEM32\dbgcore.DLL
0x00007ffdf4790000 - 0x00007ffdf47b5000 	C:\Program Files\Java\jdk-15\bin\java.dll
0x00007ffe201c0000 - 0x00007ffe208a7000 	C:\windows\System32\SHELL32.dll
0x00007ffe20e60000 - 0x00007ffe20f08000 	C:\windows\System32\shcore.dll
0x00007ffe1e8c0000 - 0x00007ffe1f03b000 	C:\windows\System32\windows.storage.dll
0x00007ffe1e340000 - 0x00007ffe1e35e000 	C:\windows\System32\profapi.dll
0x00007ffe1e2b0000 - 0x00007ffe1e2fa000 	C:\windows\System32\powrprof.dll
0x00007ffe1e2a0000 - 0x00007ffe1e2b0000 	C:\windows\System32\UMPDC.dll
0x00007ffe208d0000 - 0x00007ffe20922000 	C:\windows\System32\shlwapi.dll
0x00007ffe1e360000 - 0x00007ffe1e377000 	C:\windows\System32\cryptsp.dll

dbghelp: loaded successfully - version: 4.0.5 - missing functions: none
symbol engine: initialized successfully - sym options: 0x614 - pdb path: .;C:\Program Files\Java\jdk-15\bin;C:\windows\SYSTEM32;C:\windows\WinSxS\amd64_microsoft.windows.common-controls_6595b64144ccf1df_6.0.18362.1556_none_9e7e372fe45e41d5;C:\Program Files\Java\jdk-15\bin\server

VM Arguments:
jvm_args: -Dfile.encoding=Cp1252 
java_command: BusMain
java_class_path (initial): C:\Users\ingri\git\Final-Project-Ingrid\Vancouver Bus System\bin
Launcher Type: SUN_STANDARD

[Global flags]
     intx CICompilerCount                          = 3                                         {product} {ergonomic}
     uint ConcGCThreads                            = 1                                         {product} {ergonomic}
     uint G1ConcRefinementThreads                  = 4                                         {product} {ergonomic}
   size_t G1HeapRegionSize                         = 1048576                                   {product} {ergonomic}
    uintx GCDrainStackTargetSize                   = 64                                        {product} {ergonomic}
   size_t InitialHeapSize                          = 134217728                                 {product} {ergonomic}
   size_t MarkStackSize                            = 4194304                                   {product} {ergonomic}
   size_t MaxHeapSize                              = 2124414976                                {product} {ergonomic}
   size_t MaxNewSize                               = 1274019840                                {product} {ergonomic}
   size_t MinHeapDeltaBytes                        = 1048576                                   {product} {ergonomic}
   size_t MinHeapSize                              = 8388608                                   {product} {ergonomic}
    uintx NonNMethodCodeHeapSize                   = 5832780                                {pd product} {ergonomic}
    uintx NonProfiledCodeHeapSize                  = 122912730                              {pd product} {ergonomic}
    uintx ProfiledCodeHeapSize                     = 122912730                              {pd product} {ergonomic}
    uintx ReservedCodeCacheSize                    = 251658240                              {pd product} {ergonomic}
     bool SegmentedCodeCache                       = true                                      {product} {ergonomic}
   size_t SoftMaxHeapSize                          = 2124414976                             {manageable} {ergonomic}
     bool UseCompressedClassPointers               = true                                 {lp64_product} {ergonomic}
     bool UseCompressedOops                        = true                                 {lp64_product} {ergonomic}
     bool UseG1GC                                  = true                                      {product} {ergonomic}
     bool UseLargePagesIndividualAllocation        = false                                  {pd product} {ergonomic}

Logging:
Log output configuration:
 #0: stdout all=warning uptime,level,tags
 #1: stderr all=off uptime,level,tags

Environment Variables:
PATH=C:\Program Files\Common Files\Oracle\Java\javapath;C:\windows\system32;C:\windows;C:\windows\System32\Wbem;C:\windows\System32\WindowsPowerShell\v1.0\;C:\windows\System32\OpenSSH\;C:\Users\ingri\Downloads\jdk-14.0.1_windows-x64_bin.zip\jdk-14.0.1\bin;C:\Program Files\Git\cmd;C:\Users\ingri\AppData\Local\Programs\Python\Python39\Scripts\;C:\Users\ingri\AppData\Local\Programs\Python\Python39\;C:\Users\ingri\AppData\Local\Microsoft\WindowsApps;C:\Users\ingri\Documents\Microsoft VS Code\bin;C:\Users\ingri\AppData\Local\GitHubDesktop\bin
USERNAME=ingri
OS=Windows_NT
PROCESSOR_IDENTIFIER=Intel64 Family 6 Model 142 Stepping 9, GenuineIntel



---------------  S Y S T E M  ---------------

OS:
 Windows 10 , 64 bit Build 18362 (10.0.18362.1500)
OS uptime: 1 days 20:24 hours

CPU: total 4 (initial active 4) (2 cores per cpu, 2 threads per core) family 6 model 142 stepping 9, cmov, cx8, fxsr, mmx, sse, sse2, sse3, ssse3, sse4.1, sse4.2, popcnt, vzeroupper, avx, avx2, aes, clmul, erms, 3dnowpref, lzcnt, ht, tsc, tscinvbit, bmi1, bmi2, adx, fma, clflush, clflushopt

Memory: 4k page, system-wide physical 8103M (1613M free)
TotalPageFile size 23273M (AvailPageFile size 30M)
current process WorkingSet (physical memory assigned to process): 210M, peak: 210M
current process commit charge ("private bytes"): 263M, peak: 439M

vm_info: Java HotSpot(TM) 64-Bit Server VM (15+36-1562) for windows-amd64 JRE (15+36-1562), built on Aug 11 2020 22:38:02 by "mach5one" with unknown MS VC++:1925

END.
